\BOOKMARK [2][-]{subsection.0.1}{Frequency Keeping data...}{}
\BOOKMARK [3][-]{subsubsection.0.1.1}{Import required modules}{subsection.0.1}
\BOOKMARK [3][-]{subsubsection.0.1.2}{Set path and create file lists}{subsection.0.1}
\BOOKMARK [3][-]{subsubsection.0.1.3}{Function to parse and merge the data}{subsection.0.1}
\BOOKMARK [3][-]{subsubsection.0.1.4}{Sort out useful mappings for this data set}{subsection.0.1}
\BOOKMARK [3][-]{subsubsection.0.1.5}{Parse the cleared offers data}{subsection.0.1}
\BOOKMARK [3][-]{subsubsection.0.1.6}{Parse the constrained on and off data}{subsection.0.1}
\BOOKMARK [3][-]{subsubsection.0.1.7}{Data integrity check \205 constrained costs...}{subsection.0.1}
\BOOKMARK [3][-]{subsubsection.0.1.8}{Reindex data}{subsection.0.1}
\BOOKMARK [3][-]{subsubsection.0.1.9}{Time series conversion \(for plotting\)}{subsection.0.1}
\BOOKMARK [2][-]{subsection.0.2}{Offer plots}{}
\BOOKMARK [2][-]{subsection.0.3}{Constrained on/off costs}{}
\BOOKMARK [2][-]{subsection.0.4}{totals}{}
\BOOKMARK [2][-]{subsection.0.5}{Annual costs}{}
\BOOKMARK [3][-]{subsubsection.0.5.1}{Normalize costs with FK band quantity}{subsection.0.5}
\BOOKMARK [3][-]{subsubsection.0.5.2}{Trading period variability}{subsection.0.5}
\BOOKMARK [3][-]{subsubsection.0.5.3}{2011}{subsection.0.5}
\BOOKMARK [3][-]{subsubsection.0.5.4}{2012}{subsection.0.5}
\BOOKMARK [2][-]{subsection.0.6}{NI FK market by Trader}{}
\BOOKMARK [3][-]{subsubsection.0.6.1}{Offer counts per TP}{subsection.0.6}
\BOOKMARK [3][-]{subsubsection.0.6.2}{Ave. costs per trading period}{subsection.0.6}
\BOOKMARK [2][-]{subsection.0.7}{SI FK market by Trader}{}
\BOOKMARK [3][-]{subsubsection.0.7.1}{Offer counts per trading period}{subsection.0.7}
\BOOKMARK [3][-]{subsubsection.0.7.2}{Ave. costs per trading period}{subsection.0.7}
\BOOKMARK [2][-]{subsection.0.8}{FK costs output to csv }{}
\BOOKMARK [2][-]{subsection.0.9}{To do}{}
\BOOKMARK [2][-]{subsection.0.10}{Appendix}{}
