This is pdfTeX, Version 3.1415926-1.40.10 (TeX Live 2009/Debian) (format=pdflatex 2012.9.13)  19 MAR 2013 12:26
entering extended mode
 %&-line parsing enabled.
**FK_data.tex
(./FK_data.tex
LaTeX2e <2009/09/24>
Babel <v3.8l> and hyphenation patterns for english, usenglishmax, dumylang, noh
yphenation, loaded.
(/usr/share/texmf-texlive/tex/latex/base/article.cls
Document Class: article 2007/10/19 v1.4h Standard LaTeX document class
(/usr/share/texmf-texlive/tex/latex/base/size11.clo
File: size11.clo 2007/10/19 v1.4h Standard LaTeX file (size option)
)
\c@part=\count79
\c@section=\count80
\c@subsection=\count81
\c@subsubsection=\count82
\c@paragraph=\count83
\c@subparagraph=\count84
\c@figure=\count85
\c@table=\count86
\abovecaptionskip=\skip41
\belowcaptionskip=\skip42
\bibindent=\dimen102
)
(/usr/share/texmf-texlive/tex/latex/amsmath/amsmath.sty
Package: amsmath 2000/07/18 v2.13 AMS math features
\@mathmargin=\skip43

For additional information on amsmath, use the `?' option.
(/usr/share/texmf-texlive/tex/latex/amsmath/amstext.sty
Package: amstext 2000/06/29 v2.01

(/usr/share/texmf-texlive/tex/latex/amsmath/amsgen.sty
File: amsgen.sty 1999/11/30 v2.0
\@emptytoks=\toks14
\ex@=\dimen103
))
(/usr/share/texmf-texlive/tex/latex/amsmath/amsbsy.sty
Package: amsbsy 1999/11/29 v1.2d
\pmbraise@=\dimen104
)
(/usr/share/texmf-texlive/tex/latex/amsmath/amsopn.sty
Package: amsopn 1999/12/14 v2.01 operator names
)
\inf@bad=\count87
LaTeX Info: Redefining \frac on input line 211.
\uproot@=\count88
\leftroot@=\count89
LaTeX Info: Redefining \overline on input line 307.
\classnum@=\count90
\DOTSCASE@=\count91
LaTeX Info: Redefining \ldots on input line 379.
LaTeX Info: Redefining \dots on input line 382.
LaTeX Info: Redefining \cdots on input line 467.
\Mathstrutbox@=\box26
\strutbox@=\box27
\big@size=\dimen105
LaTeX Font Info:    Redeclaring font encoding OML on input line 567.
LaTeX Font Info:    Redeclaring font encoding OMS on input line 568.
\macc@depth=\count92
\c@MaxMatrixCols=\count93
\dotsspace@=\muskip10
\c@parentequation=\count94
\dspbrk@lvl=\count95
\tag@help=\toks15
\row@=\count96
\column@=\count97
\maxfields@=\count98
\andhelp@=\toks16
\eqnshift@=\dimen106
\alignsep@=\dimen107
\tagshift@=\dimen108
\tagwidth@=\dimen109
\totwidth@=\dimen110
\lineht@=\dimen111
\@envbody=\toks17
\multlinegap=\skip44
\multlinetaggap=\skip45
\mathdisplay@stack=\toks18
LaTeX Info: Redefining \[ on input line 2666.
LaTeX Info: Redefining \] on input line 2667.
)
(/usr/share/texmf-texlive/tex/latex/amsfonts/amssymb.sty
Package: amssymb 2009/06/22 v3.00

(/usr/share/texmf-texlive/tex/latex/amsfonts/amsfonts.sty
Package: amsfonts 2009/06/22 v3.00 Basic AMSFonts support
\symAMSa=\mathgroup4
\symAMSb=\mathgroup5
LaTeX Font Info:    Overwriting math alphabet `\mathfrak' in version `bold'
(Font)                  U/euf/m/n --> U/euf/b/n on input line 96.
))
(/usr/share/texmf-texlive/tex/latex/graphics/graphicx.sty
Package: graphicx 1999/02/16 v1.0f Enhanced LaTeX Graphics (DPC,SPQR)

(/usr/share/texmf-texlive/tex/latex/graphics/keyval.sty
Package: keyval 1999/03/16 v1.13 key=value parser (DPC)
\KV@toks@=\toks19
)
(/usr/share/texmf-texlive/tex/latex/graphics/graphics.sty
Package: graphics 2009/02/05 v1.0o Standard LaTeX Graphics (DPC,SPQR)

(/usr/share/texmf-texlive/tex/latex/graphics/trig.sty
Package: trig 1999/03/16 v1.09 sin cos tan (DPC)
)
(/etc/texmf/tex/latex/config/graphics.cfg
File: graphics.cfg 2009/08/28 v1.8 graphics configuration of TeX Live
)
Package graphics Info: Driver file: pdftex.def on input line 91.

(/usr/share/texmf-texlive/tex/latex/pdftex-def/pdftex.def
File: pdftex.def 2010/03/12 v0.04p Graphics/color for pdfTeX
\Gread@gobject=\count99
))
\Gin@req@height=\dimen112
\Gin@req@width=\dimen113
)
(/usr/share/texmf-texlive/tex/latex/ucs/ucs.sty
Package: ucs 2004/10/17 UCS: Unicode input support

(/usr/share/texmf-texlive/tex/latex/ucs/data/uni-global.def
File: uni-global.def 2004/10/17 UCS: Unicode global data
)
\uc@secondtry=\count100
\uc@combtoks=\toks20
\uc@combtoksb=\toks21
\uc@temptokena=\toks22
)
(/usr/share/texmf-texlive/tex/latex/base/inputenc.sty
Package: inputenc 2008/03/30 v1.1d Input encoding file
\inpenc@prehook=\toks23
\inpenc@posthook=\toks24

(/usr/share/texmf-texlive/tex/latex/ucs/utf8x.def
File: utf8x.def 2004/10/17 UCS: Input encoding UTF-8
))
(/usr/share/texmf-texlive/tex/latex/tools/enumerate.sty
Package: enumerate 1999/03/05 v3.00 enumerate extensions (DPC)
\@enLab=\toks25
)
(/usr/share/texmf-texlive/tex/latex/geometry/geometry.sty
Package: geometry 2008/12/21 v4.2 Page Geometry

(/usr/share/texmf-texlive/tex/generic/oberdiek/ifpdf.sty
Package: ifpdf 2009/04/10 v2.0 Provides the ifpdf switch (HO)
Package ifpdf Info: pdfTeX in pdf mode detected.
)
(/usr/share/texmf-texlive/tex/generic/oberdiek/ifvtex.sty
Package: ifvtex 2008/11/04 v1.4 Switches for detecting VTeX and its modes (HO)
Package ifvtex Info: VTeX not detected.
)
\Gm@cnth=\count101
\Gm@cntv=\count102
\c@Gm@tempcnt=\count103
\Gm@bindingoffset=\dimen114
\Gm@wd@mp=\dimen115
\Gm@odd@mp=\dimen116
\Gm@even@mp=\dimen117
\Gm@dimlist=\toks26
)
(/usr/share/texmf-texlive/tex/latex/graphics/color.sty
Package: color 2005/11/14 v1.0j Standard LaTeX Color (DPC)

(/etc/texmf/tex/latex/config/color.cfg
File: color.cfg 2007/01/18 v1.5 color configuration of teTeX/TeXLive
)
Package color Info: Driver file: pdftex.def on input line 130.
)
(/usr/share/texmf-texlive/tex/latex/ltxmisc/framed.sty
Package: framed 2007/10/04 v 0.95: framed or shaded text with page breaks
\fb@frw=\dimen118
\fb@frh=\dimen119
\FrameRule=\dimen120
\FrameSep=\dimen121
)
(/usr/share/texmf-texlive/tex/latex/oberdiek/listingsutf8.sty
Package: listingsutf8 2007/11/11 v1.1 Adding support for UTF-8 to listings (HO)


(/usr/share/texmf-texlive/tex/latex/listings/listings.sty
\lst@mode=\count104
\lst@gtempboxa=\box28
\lst@token=\toks27
\lst@length=\count105
\lst@currlwidth=\dimen122
\lst@column=\count106
\lst@pos=\count107
\lst@lostspace=\dimen123
\lst@width=\dimen124
\lst@newlines=\count108
\lst@lineno=\count109
\lst@maxwidth=\dimen125

(/usr/share/texmf-texlive/tex/latex/listings/lstmisc.sty
File: lstmisc.sty 2007/02/22 1.4 (Carsten Heinz)
\c@lstnumber=\count110
\lst@skipnumbers=\count111
\lst@framebox=\box29
)
(/usr/share/texmf-texlive/tex/latex/listings/listings.cfg
File: listings.cfg 2007/02/22 1.4 listings configuration
))
Package: listings 2007/02/22 1.4 (Carsten Heinz)

(/usr/share/texmf-texlive/tex/generic/oberdiek/pdftexcmds.sty
Package: pdftexcmds 2009/09/23 v0.6 LuaTeX support for pdfTeX utility functions
 (HO)

(/usr/share/texmf-texlive/tex/generic/oberdiek/infwarerr.sty
Package: infwarerr 2007/09/09 v1.2 Providing info/warning/message (HO)
)
(/usr/share/texmf-texlive/tex/generic/oberdiek/ifluatex.sty
Package: ifluatex 2009/04/17 v1.2 Provides the ifluatex switch (HO)
Package ifluatex Info: LuaTeX not detected.
)
(/usr/share/texmf-texlive/tex/generic/oberdiek/ltxcmds.sty
Package: ltxcmds 2009/08/05 v1.0 Some LaTeX kernel commands for general use (HO
)
)
Package pdftexcmds Info: LuaTeX not detected.
Package pdftexcmds Info: \pdf@primitive is available.
Package pdftexcmds Info: \pdf@ifprimitive is available.
)
(/usr/share/texmf-texlive/tex/generic/oberdiek/stringenc.sty
Package: stringenc 2008/10/27 v1.6 Converts strings between encodings (HO)

(/usr/share/texmf-texlive/tex/generic/oberdiek/pdfescape.sty
Package: pdfescape 2007/11/11 v1.8 Provides hex, PDF name and string conversion
s (HO)
)))
(/usr/share/texmf-texlive/tex/latex/listings/lstlang1.sty
File: lstlang1.sty 2004/09/05 1.3 listings language file
)
(/usr/share/texmf-texlive/tex/latex/hyperref/hyperref.sty
Package: hyperref 2009/10/09 v6.79a Hypertext links for LaTeX

(/usr/share/texmf-texlive/tex/generic/ifxetex/ifxetex.sty
Package: ifxetex 2009/01/23 v0.5 Provides ifxetex conditional
)
(/usr/share/texmf-texlive/tex/latex/oberdiek/hycolor.sty
Package: hycolor 2009/10/02 v1.5 Code for color options of hyperref/bookmark (H
O)

(/usr/share/texmf-texlive/tex/latex/oberdiek/xcolor-patch.sty
Package: xcolor-patch 2009/10/02 xcolor patch
))
\@linkdim=\dimen126
\Hy@linkcounter=\count112
\Hy@pagecounter=\count113

(/usr/share/texmf-texlive/tex/latex/hyperref/pd1enc.def
File: pd1enc.def 2009/10/09 v6.79a Hyperref: PDFDocEncoding definition (HO)
)
(/usr/share/texmf-texlive/tex/generic/oberdiek/etexcmds.sty
Package: etexcmds 2007/12/12 v1.2 Prefix for e-TeX command names (HO)
Package etexcmds Info: Could not find \expanded.
(etexcmds)             That can mean that you are not using pdfTeX 1.50 or
(etexcmds)             that some package has redefined \expanded.
(etexcmds)             In the latter case, load this package earlier.
)
(/usr/share/texmf-texlive/tex/latex/latexconfig/hyperref.cfg
File: hyperref.cfg 2002/06/06 v1.2 hyperref configuration of TeXLive
)
(/usr/share/texmf-texlive/tex/latex/oberdiek/kvoptions.sty
Package: kvoptions 2009/08/13 v3.4 Keyval support for LaTeX options (HO)

(/usr/share/texmf-texlive/tex/generic/oberdiek/kvsetkeys.sty
Package: kvsetkeys 2009/07/30 v1.5 Key value parser with default handler suppor
t (HO)
))
Package hyperref Info: Hyper figures OFF on input line 2975.
Package hyperref Info: Link nesting OFF on input line 2980.
Package hyperref Info: Hyper index ON on input line 2983.
Package hyperref Info: Plain pages OFF on input line 2990.
Package hyperref Info: Backreferencing OFF on input line 2995.

Implicit mode ON; LaTeX internals redefined
Package hyperref Info: Bookmarks ON on input line 3191.
(/usr/share/texmf-texlive/tex/latex/ltxmisc/url.sty
\Urlmuskip=\muskip11
Package: url 2006/04/12  ver 3.3  Verb mode for urls, etc.
)
LaTeX Info: Redefining \url on input line 3428.

(/usr/share/texmf-texlive/tex/generic/oberdiek/bitset.sty
Package: bitset 2007/09/28 v1.0 Data type bit set (HO)

(/usr/share/texmf-texlive/tex/generic/oberdiek/intcalc.sty
Package: intcalc 2007/09/27 v1.1 Expandable integer calculations (HO)
)
(/usr/share/texmf-texlive/tex/generic/oberdiek/bigintcalc.sty
Package: bigintcalc 2007/11/11 v1.1 Expandable big integer calculations (HO)
))
\Fld@menulength=\count114
\Field@Width=\dimen127
\Fld@charsize=\dimen128
\Field@toks=\toks28
Package hyperref Info: Hyper figures OFF on input line 4377.
Package hyperref Info: Link nesting OFF on input line 4382.
Package hyperref Info: Hyper index ON on input line 4385.
Package hyperref Info: backreferencing OFF on input line 4392.
Package hyperref Info: Link coloring OFF on input line 4397.
Package hyperref Info: Link coloring with OCG OFF on input line 4402.
Package hyperref Info: PDF/A mode OFF on input line 4407.

(/usr/share/texmf-texlive/tex/generic/oberdiek/atbegshi.sty
Package: atbegshi 2008/07/31 v1.9 At begin shipout hook (HO)
)
\Hy@abspage=\count115
\c@Item=\count116
\c@Hfootnote=\count117
)
*hyperref using default driver hpdftex*
(/usr/share/texmf-texlive/tex/latex/hyperref/hpdftex.def
File: hpdftex.def 2009/10/09 v6.79a Hyperref driver for pdfTeX
\Fld@listcount=\count118
)
Package hyperref Info: Option `breaklinks' set `true' on input line 111.
Package hyperref Info: Option `colorlinks' set `true' on input line 111.

No file FK_data.aux.
\openout1 = `FK_data.aux'.

LaTeX Font Info:    Checking defaults for OML/cmm/m/it on input line 121.
LaTeX Font Info:    ... okay on input line 121.
LaTeX Font Info:    Checking defaults for T1/cmr/m/n on input line 121.
LaTeX Font Info:    ... okay on input line 121.
LaTeX Font Info:    Checking defaults for OT1/cmr/m/n on input line 121.
LaTeX Font Info:    ... okay on input line 121.
LaTeX Font Info:    Checking defaults for OMS/cmsy/m/n on input line 121.
LaTeX Font Info:    ... okay on input line 121.
LaTeX Font Info:    Checking defaults for OMX/cmex/m/n on input line 121.
LaTeX Font Info:    ... okay on input line 121.
LaTeX Font Info:    Checking defaults for U/cmr/m/n on input line 121.
LaTeX Font Info:    ... okay on input line 121.
LaTeX Font Info:    Checking defaults for PD1/pdf/m/n on input line 121.
LaTeX Font Info:    ... okay on input line 121.
(/usr/share/texmf-texlive/tex/context/base/supp-pdf.mkii
[Loading MPS to PDF converter (version 2006.09.02).]
\scratchcounter=\count119
\scratchdimen=\dimen129
\scratchbox=\box30
\nofMPsegments=\count120
\nofMParguments=\count121
\everyMPshowfont=\toks29
\MPscratchCnt=\count122
\MPscratchDim=\dimen130
\MPnumerator=\count123
\everyMPtoPDFconversion=\toks30
) (/usr/share/texmf-texlive/tex/latex/ucs/ucsencs.def
File: ucsencs.def 2003/11/29 Fixes to fontencodings LGR, T3
)
*geometry auto-detecting driver*
*geometry detected driver: pdftex*
-------------------- Geometry parameters
paper: class default
landscape: --
twocolumn: --
twoside: --
asymmetric: --
h-parts: 71.13188pt, 472.03123pt, 71.13188pt
v-parts: 85.35826pt, 624.25346pt, 85.35826pt
hmarginratio: --
vmarginratio: --
lines: --
heightrounded: --
bindingoffset: 0.0pt
truedimen: --
includehead: --
includefoot: --
includemp: --
driver: pdftex
-------------------- Page layout dimensions and switches
\paperwidth  614.295pt
\paperheight 794.96999pt
\textwidth  472.03123pt
\textheight 624.25346pt
\oddsidemargin  -1.1381pt
\evensidemargin -1.1381pt
\topmargin  -23.91173pt
\headheight 12.0pt
\headsep    25.0pt
\footskip   30.0pt
\marginparwidth 59.0pt
\marginparsep   10.0pt
\columnsep  10.0pt
\skip\footins  10.0pt plus 4.0pt minus 2.0pt
\hoffset 0.0pt
\voffset 0.0pt
\mag 1000

(1in=72.27pt, 1cm=28.45pt)
-----------------------
\c@lstlisting=\count124
Package hyperref Info: Link coloring ON on input line 121.
(/usr/share/texmf-texlive/tex/latex/hyperref/nameref.sty
Package: nameref 2007/05/29 v2.31 Cross-referencing by name of section

(/usr/share/texmf-texlive/tex/latex/oberdiek/refcount.sty
Package: refcount 2008/08/11 v3.1 Data extraction from references (HO)
)
\c@section@level=\count125
)
LaTeX Info: Redefining \ref on input line 121.
LaTeX Info: Redefining \pageref on input line 121.
\@outlinefile=\write3
\openout3 = `FK_data.out'.

\AtBeginShipoutBox=\box31

Underfull \hbox (badness 4492) in paragraph at lines 143--149
[]\OT1/cmr/m/n/10.95 For data since 1 Jan, 2010, a script was writ-ten to down-
load FK data from
 []

(/usr/share/texmf-texlive/tex/latex/ucs/utf8x.def
File: utf8x.def 2004/10/17 UCS: Input encoding UTF-8
)
LaTeX Font Info:    Font shape `OT1/cmtt/bx/n' in size <10> not available
(Font)              Font shape `OT1/cmtt/m/n' tried instead on input line 189.

Overfull \vbox (1.85852pt too high) detected at line 204
 []

[1

{/var/lib/texmf/fonts/map/pdftex/updmap/pdftex.map}]
(/usr/share/texmf-texlive/tex/latex/ucs/utf8x.def
File: utf8x.def 2004/10/17 UCS: Input encoding UTF-8
)
(/usr/share/texmf-texlive/tex/latex/ucs/utf8x.def
File: utf8x.def 2004/10/17 UCS: Input encoding UTF-8
)
(/usr/share/texmf-texlive/tex/latex/ucs/utf8x.def
File: utf8x.def 2004/10/17 UCS: Input encoding UTF-8
) [2]
Underfull \vbox (badness 10000) detected at line 307
 []


Underfull \vbox (badness 10000) detected at line 307
 []

[3] (/usr/share/texmf-texlive/tex/latex/ucs/utf8x.def
File: utf8x.def 2004/10/17 UCS: Input encoding UTF-8
)
! Missing $ inserted.
<inserted text> 
                $
l.346 \paragraph
                {block island map for constrained cost data}
? 
LaTeX Font Info:    Try loading font information for U+msa on input line 346.
(/usr/share/texmf-texlive/tex/latex/amsfonts/umsa.fd
File: umsa.fd 2009/06/22 v3.00 AMS symbols A
)
LaTeX Font Info:    Try loading font information for U+msb on input line 346.

(/usr/share/texmf-texlive/tex/latex/amsfonts/umsb.fd
File: umsb.fd 2009/06/22 v3.00 AMS symbols B
)
! Extra }, or forgotten $.
\@svsechd ...lock_island map for cleared data}{4}}
                                                  \csname paragraphmark\endc...
l.346 \paragraph
                {block island map for constrained cost data}
? 
! Missing $ inserted.
<inserted text> 
                $
l.346 \paragraph
                {block island map for constrained cost data}
? 
! Missing } inserted.
<inserted text> 
                }
l.346 \paragraph
                {block island map for constrained cost data}
? 
(/usr/share/texmf-texlive/tex/latex/ucs/utf8x.def
File: utf8x.def 2004/10/17 UCS: Input encoding UTF-8
) [4]
(/usr/share/texmf-texlive/tex/latex/ucs/utf8x.def
File: utf8x.def 2004/10/17 UCS: Input encoding UTF-8
)
Overfull \hbox (163.21323pt too wide) in paragraph at lines 498--498
[]\OT1/cmtt/m/n/10 {'/home/humed/python/fkdata/data/2005/2005_09_constrainedcos
ts.xls': array([CLU, WTR, HLY, WKA, TRO, WTO], dtype=object),[] 
 []


Overfull \hbox (136.96346pt too wide) in paragraph at lines 498--498
[] \OT1/cmtt/m/n/10 '/home/humed/python/fkdata/data/2005/2005_10_constrainedcos
ts.xls': array([CLU, WTR, TRO, HLY, WTO], dtype=object),[] 
 []


Overfull \hbox (136.96346pt too wide) in paragraph at lines 498--498
[] \OT1/cmtt/m/n/10 '/home/humed/python/fkdata/data/2005/2005_11_constrainedcos
ts.xls': array([CLU, WTR, HLY, TRO, WTO], dtype=object),[] 
 []


Overfull \hbox (163.21323pt too wide) in paragraph at lines 498--498
[] \OT1/cmtt/m/n/10 '/home/humed/python/fkdata/data/2005/2005_12_constrainedcos
ts.xls': array([CLU, WTR, HLY, TRO, WKA, WTO], dtype=object),[] 
 []


Overfull \hbox (163.21323pt too wide) in paragraph at lines 498--498
[] \OT1/cmtt/m/n/10 '/home/humed/python/fkdata/data/2006/2006_01_constrainedcos
ts.xls': array([CLU, WTR, HLY, TRO, WKA, WTO], dtype=object),[] 
 []


Overfull \hbox (163.21323pt too wide) in paragraph at lines 498--498
[] \OT1/cmtt/m/n/10 '/home/humed/python/fkdata/data/2006/2006_02_constrainedcos
ts.xls': array([CLU, WTR, WKA, HLY, TRO, WTO], dtype=object),[] 
 []


Overfull \hbox (163.21323pt too wide) in paragraph at lines 498--498
[] \OT1/cmtt/m/n/10 '/home/humed/python/fkdata/data/2006/2006_03_constrainedcos
ts.xls': array([CLU, WTR, HLY, WKA, TRO, WTO], dtype=object),[] 
 []


Overfull \hbox (163.21323pt too wide) in paragraph at lines 498--498
[] \OT1/cmtt/m/n/10 '/home/humed/python/fkdata/data/2006/2006_04_constrainedcos
ts.xls': array([CLU, WTR, HLY, WKA, TRO, WTO], dtype=object),[] 
 []


Overfull \hbox (163.21323pt too wide) in paragraph at lines 498--498
[] \OT1/cmtt/m/n/10 '/home/humed/python/fkdata/data/2006/2006_05_constrainedcos
ts.xls': array([CLU, WTR, TRO, WKA, HLY, WTO], dtype=object),[] 
 []


Overfull \hbox (163.21323pt too wide) in paragraph at lines 498--498
[] \OT1/cmtt/m/n/10 '/home/humed/python/fkdata/data/2006/2006_06_constrainedcos
ts.xls': array([CLU, WTR, WKA, TRO, HLY, WTO], dtype=object),[] 
 []


Overfull \hbox (163.21323pt too wide) in paragraph at lines 498--498
[] \OT1/cmtt/m/n/10 '/home/humed/python/fkdata/data/2006/2006_07_constrainedcos
ts.xls': array([CLU, WTR, HLY, TRO, WKA, WTO], dtype=object),[] 
 []


Overfull \hbox (163.21323pt too wide) in paragraph at lines 498--498
[] \OT1/cmtt/m/n/10 '/home/humed/python/fkdata/data/2006/2006_08_constrainedcos
ts.xls': array([CLU, WTR, WKA, TRO, HLY, WTO], dtype=object),[] 
 []


Overfull \hbox (163.21323pt too wide) in paragraph at lines 498--498
[] \OT1/cmtt/m/n/10 '/home/humed/python/fkdata/data/2006/2006_09_constrainedcos
ts.xls': array([CLU, WTR, WKA, HLY, TRO, WTO], dtype=object),[] 
 []


Overfull \hbox (163.21323pt too wide) in paragraph at lines 498--498
[] \OT1/cmtt/m/n/10 '/home/humed/python/fkdata/data/2006/2006_10_constrainedcos
ts.xls': array([CLU, WTR, HLY, TRO, WKA, WTO], dtype=object),[] 
 []


Overfull \hbox (136.96346pt too wide) in paragraph at lines 498--498
[] \OT1/cmtt/m/n/10 '/home/humed/python/fkdata/data/2006/2006_11_constrainedcos
ts.xls': array([CLU, WTR, TRO, HLY, WTO], dtype=object),[] 
 []


Overfull \hbox (110.71368pt too wide) in paragraph at lines 498--498
[] \OT1/cmtt/m/n/10 '/home/humed/python/fkdata/data/2006/2006_12_constrainedcos
ts.xls': array([CLU, WTR, TRO, WTO], dtype=object),[] 
 []


Overfull \hbox (136.96346pt too wide) in paragraph at lines 498--498
[] \OT1/cmtt/m/n/10 '/home/humed/python/fkdata/data/2007/2007_01_constrainedcos
ts.xls': array([CLU, WTR, TRO, WKA, WTO], dtype=object),[] 
 []


Overfull \hbox (136.96346pt too wide) in paragraph at lines 498--498
[] \OT1/cmtt/m/n/10 '/home/humed/python/fkdata/data/2007/2007_02_constrainedcos
ts.xls': array([CLU, WTR, TRO, WKA, WTO], dtype=object),[] 
 []


Overfull \hbox (136.96346pt too wide) in paragraph at lines 498--498
[] \OT1/cmtt/m/n/10 '/home/humed/python/fkdata/data/2007/2007_03_constrainedcos
ts.xls': array([CLU, WTR, WKA, TRO, WTO], dtype=object),[] 
 []


Overfull \hbox (110.71368pt too wide) in paragraph at lines 498--498
[] \OT1/cmtt/m/n/10 '/home/humed/python/fkdata/data/2007/2007_04_constrainedcos
ts.xls': array([WTR, WKA, TRO, WTO], dtype=object),[] 
 []


Overfull \hbox (136.96346pt too wide) in paragraph at lines 498--498
[] \OT1/cmtt/m/n/10 '/home/humed/python/fkdata/data/2007/2007_05_constrainedcos
ts.xls': array([CLU, WTR, TRO, WKA, WTO], dtype=object),[] 
 []


Overfull \hbox (136.96346pt too wide) in paragraph at lines 498--498
[] \OT1/cmtt/m/n/10 '/home/humed/python/fkdata/data/2007/2007_06_constrainedcos
ts.xls': array([CLU, WTR, TRO, WKA, WTO], dtype=object),[] 
 []


Overfull \hbox (110.71368pt too wide) in paragraph at lines 498--498
[] \OT1/cmtt/m/n/10 '/home/humed/python/fkdata/data/2007/2007_07_constrainedcos
ts.xls': array([CLU, WTR, TRO, WTO], dtype=object),[] 
 []


Overfull \hbox (136.96346pt too wide) in paragraph at lines 498--498
[] \OT1/cmtt/m/n/10 '/home/humed/python/fkdata/data/2007/2007_08_constrainedcos
ts.xls': array([CLU, WTR, TRO, WKA, WTO], dtype=object),[] 
 []


Overfull \hbox (110.71368pt too wide) in paragraph at lines 498--498
[] \OT1/cmtt/m/n/10 '/home/humed/python/fkdata/data/2007/2007_09_constrainedcos
ts.xls': array([CLU, WTR, TRO, WTO], dtype=object),[] 
 []


Overfull \hbox (110.71368pt too wide) in paragraph at lines 498--498
[] \OT1/cmtt/m/n/10 '/home/humed/python/fkdata/data/2007/2007_10_constrainedcos
ts.xls': array([CLU, WTR, TRO, WTO], dtype=object),[] 
 []


Overfull \hbox (110.71368pt too wide) in paragraph at lines 498--498
[] \OT1/cmtt/m/n/10 '/home/humed/python/fkdata/data/2007/2007_11_constrainedcos
ts.xls': array([CLU, WTR, TRO, WTO], dtype=object),[] 
 []


Overfull \hbox (110.71368pt too wide) in paragraph at lines 498--498
[] \OT1/cmtt/m/n/10 '/home/humed/python/fkdata/data/2007/2007_12_constrainedcos
ts.xls': array([CLU, WTR, TRO, WTO], dtype=object),[] 
 []


Overfull \hbox (136.96346pt too wide) in paragraph at lines 498--498
[] \OT1/cmtt/m/n/10 '/home/humed/python/fkdata/data/2008/2008_01_constrainedcos
ts.xls': array([CLU, WTR, TRO, WKA, WTO], dtype=object),[] 
 []


Overfull \hbox (136.96346pt too wide) in paragraph at lines 498--498
[] \OT1/cmtt/m/n/10 '/home/humed/python/fkdata/data/2008/2008_02_constrainedcos
ts.xls': array([CLU, WTR, WKA, TRO, WTO], dtype=object),[] 
 []


Overfull \hbox (136.96346pt too wide) in paragraph at lines 498--498
[] \OT1/cmtt/m/n/10 '/home/humed/python/fkdata/data/2008/2008_03_constrainedcos
ts.xls': array([CLU, WTR, WKA, TRO, WTO], dtype=object),[] 
 []


Overfull \hbox (136.96346pt too wide) in paragraph at lines 498--498
[] \OT1/cmtt/m/n/10 '/home/humed/python/fkdata/data/2008/2008_04_constrainedcos
ts.xls': array([CLU, WTR, WKA, TRO, WTO], dtype=object),[] 
 []


Overfull \hbox (136.96346pt too wide) in paragraph at lines 498--498
[] \OT1/cmtt/m/n/10 '/home/humed/python/fkdata/data/2008/2008_05_constrainedcos
ts.xls': array([CLU, WTR, TRO, WKA, WTO], dtype=object),[] 
 []


Overfull \hbox (136.96346pt too wide) in paragraph at lines 498--498
[] \OT1/cmtt/m/n/10 '/home/humed/python/fkdata/data/2008/2008_06_constrainedcos
ts.xls': array([CLU, WTR, WKA, TRO, WTO], dtype=object),[] 
 []


Overfull \hbox (136.96346pt too wide) in paragraph at lines 498--498
[] \OT1/cmtt/m/n/10 '/home/humed/python/fkdata/data/2008/2008_07_constrainedcos
ts.xls': array([CLU, WTR, WKA, TRO, WTO], dtype=object),[] 
 []


Overfull \hbox (163.21323pt too wide) in paragraph at lines 498--498
[] \OT1/cmtt/m/n/10 '/home/humed/python/fkdata/data/2008/2008_08_constrainedcos
ts.xls': array([CLU, WTR, WKA, TRO, HLY, WTO], dtype=object),[] 
 []


Overfull \hbox (136.96346pt too wide) in paragraph at lines 498--498
[] \OT1/cmtt/m/n/10 '/home/humed/python/fkdata/data/2008/2008_09_constrainedcos
ts.xls': array([CLU, WTR, WKA, TRO, WTO], dtype=object),[] 
 []


Overfull \hbox (163.21323pt too wide) in paragraph at lines 498--498
[] \OT1/cmtt/m/n/10 '/home/humed/python/fkdata/data/2008/2008_10_constrainedcos
ts.xls': array([CLU, WTR, WKA, TRO, HLY, WTO], dtype=object),[] 
 []


Overfull \hbox (136.96346pt too wide) in paragraph at lines 498--498
[] \OT1/cmtt/m/n/10 '/home/humed/python/fkdata/data/2008/2008_11_constrainedcos
ts.xls': array([CLU, WTR, HLY, TRO, WTO], dtype=object),[] 
 []


Overfull \hbox (136.96346pt too wide) in paragraph at lines 498--498
[] \OT1/cmtt/m/n/10 '/home/humed/python/fkdata/data/2008/2008_12_constrainedcos
ts.xls': array([CLU, WTR, HLY, TRO, WTO], dtype=object),[] 
 []


Overfull \hbox (136.96346pt too wide) in paragraph at lines 498--498
[] \OT1/cmtt/m/n/10 '/home/humed/python/fkdata/data/2009/2009_01_constrainedcos
ts.xls': array([CLU, WTR, TRO, HLY, WTO], dtype=object),[] 
 []


Overfull \hbox (136.96346pt too wide) in paragraph at lines 498--498
[] \OT1/cmtt/m/n/10 '/home/humed/python/fkdata/data/2009/2009_02_constrainedcos
ts.xls': array([CLU, WTR, TRO, HLY, WTO], dtype=object),[] 
 []


Overfull \hbox (163.21323pt too wide) in paragraph at lines 498--498
[] \OT1/cmtt/m/n/10 '/home/humed/python/fkdata/data/2009/2009_03_constrainedcos
ts.xls': array([CLU, WTR, TRO, HLY, WKA, WTO], dtype=object),[] 
 []


Overfull \hbox (163.21323pt too wide) in paragraph at lines 498--498
[] \OT1/cmtt/m/n/10 '/home/humed/python/fkdata/data/2009/2009_04_constrainedcos
ts.xls': array([CLU, WTR, TRO, HLY, WKA, WTO], dtype=object),[] 
 []


Overfull \hbox (163.21323pt too wide) in paragraph at lines 498--498
[] \OT1/cmtt/m/n/10 '/home/humed/python/fkdata/data/2009/2009_05_constrainedcos
ts.xls': array([CLU, WTR, TRO, HLY, WKA, WTO], dtype=object),[] 
 []


Overfull \hbox (163.21323pt too wide) in paragraph at lines 498--498
[] \OT1/cmtt/m/n/10 '/home/humed/python/fkdata/data/2009/2009_06_constrainedcos
ts.xls': array([CLU, WTR, HLY, TRO, WKA, WTO], dtype=object),[] 
 []


Overfull \hbox (163.21323pt too wide) in paragraph at lines 498--498
[] \OT1/cmtt/m/n/10 '/home/humed/python/fkdata/data/2009/2009_07_constrainedcos
ts.xls': array([CLU, WTR, WKA, HLY, TRO, WTO], dtype=object),[] 
 []


Overfull \hbox (163.21323pt too wide) in paragraph at lines 498--498
[] \OT1/cmtt/m/n/10 '/home/humed/python/fkdata/data/2009/2009_08_constrainedcos
ts.xls': array([CLU, WTR, TRO, HLY, WKA, WTO], dtype=object),[] 
 []


Overfull \hbox (136.96346pt too wide) in paragraph at lines 498--498
[] \OT1/cmtt/m/n/10 '/home/humed/python/fkdata/data/2009/2009_09_constrainedcos
ts.xls': array([CLU, WTR, TRO, WKA, WTO], dtype=object),[] 
 []


Overfull \hbox (136.96346pt too wide) in paragraph at lines 498--498
[] \OT1/cmtt/m/n/10 '/home/humed/python/fkdata/data/2009/2009_10_constrainedcos
ts.xls': array([CLU, WTR, TRO, WKA, WTO], dtype=object),[] 
 []


Overfull \hbox (163.21323pt too wide) in paragraph at lines 498--498
[] \OT1/cmtt/m/n/10 '/home/humed/python/fkdata/data/2009/2009_11_constrainedcos
ts.xls': array([CLU, WTR, WKA, TRO, HLY, WTO], dtype=object),[] 
 []


Overfull \hbox (110.71368pt too wide) in paragraph at lines 498--498
[] \OT1/cmtt/m/n/10 '/home/humed/python/fkdata/data/2009/2009_12_constrainedcos
ts.xls': array([CLU, WTR, TRO, WTO], dtype=object),[] 
 []


Overfull \hbox (136.96346pt too wide) in paragraph at lines 498--498
[] \OT1/cmtt/m/n/10 '/home/humed/python/fkdata/data/2010/2010_01_constrainedcos
ts.xls': array([CLU, WTR, TRO, HLY, WTO], dtype=object),[] 
 []


Overfull \hbox (163.21323pt too wide) in paragraph at lines 498--498
[] \OT1/cmtt/m/n/10 '/home/humed/python/fkdata/data/2010/2010_02_constrainedcos
ts.xls': array([CLU, WTR, TRO, HLY, WKA, WTO], dtype=object),[] 
 []


Overfull \hbox (163.21323pt too wide) in paragraph at lines 498--498
[] \OT1/cmtt/m/n/10 '/home/humed/python/fkdata/data/2010/2010_03_constrainedcos
ts.xls': array([CLU, WTR, WKA, HLY, TRO, WTO], dtype=object),[] 
 []


Overfull \hbox (163.21323pt too wide) in paragraph at lines 498--498
[] \OT1/cmtt/m/n/10 '/home/humed/python/fkdata/data/2010/2010_04_constrainedcos
ts.xls': array([CLU, WTR, WKA, TRO, HLY, WTO], dtype=object),[] 
 []


Overfull \hbox (163.21323pt too wide) in paragraph at lines 498--498
[] \OT1/cmtt/m/n/10 '/home/humed/python/fkdata/data/2010/2010_05_constrainedcos
ts.xls': array([CLU, WTR, WKA, HLY, TRO, WTO], dtype=object),[] 
 []


Overfull \hbox (163.21323pt too wide) in paragraph at lines 498--498
[] \OT1/cmtt/m/n/10 '/home/humed/python/fkdata/data/2010/2010_06_constrainedcos
ts.xls': array([CLU, WTR, HLY, TRO, WKA, WTO], dtype=object),[] 
 []


Overfull \hbox (163.21323pt too wide) in paragraph at lines 498--498
[] \OT1/cmtt/m/n/10 '/home/humed/python/fkdata/data/2010/2010_07_constrainedcos
ts.xls': array([CLU, WTR, WKA, TRO, HLY, WTO], dtype=object),[] 
 []


Overfull \hbox (163.21323pt too wide) in paragraph at lines 498--498
[] \OT1/cmtt/m/n/10 '/home/humed/python/fkdata/data/2010/2010_08_constrainedcos
ts.xls': array([CLU, WTR, TRO, WKA, HLY, WTO], dtype=object),[] 
 []


Overfull \hbox (163.21323pt too wide) in paragraph at lines 498--498
[] \OT1/cmtt/m/n/10 '/home/humed/python/fkdata/data/2010/2010_09_constrainedcos
ts.xls': array([CLU, WTR, TRO, WKA, HLY, WTO], dtype=object),[] 
 []


Overfull \hbox (136.96346pt too wide) in paragraph at lines 498--498
[] \OT1/cmtt/m/n/10 '/home/humed/python/fkdata/data/2010/2010_10_constrainedcos
ts.xls': array([CLU, WTR, WKA, TRO, WTO], dtype=object),[] 
 []


Overfull \hbox (163.21323pt too wide) in paragraph at lines 498--498
[] \OT1/cmtt/m/n/10 '/home/humed/python/fkdata/data/2010/2010_11_constrainedcos
ts.xls': array([CLU, WTR, TRO, HLY, WKA, WTO], dtype=object),[] 
 []


Overfull \hbox (163.21323pt too wide) in paragraph at lines 498--498
[] \OT1/cmtt/m/n/10 '/home/humed/python/fkdata/data/2010/2010_12_constrainedcos
ts.xls': array([CLU, WTR, TRO, HLY, WKA, WTO], dtype=object),[] 
 []


Overfull \hbox (163.21323pt too wide) in paragraph at lines 498--498
[] \OT1/cmtt/m/n/10 '/home/humed/python/fkdata/data/2011/2011_01_constrainedcos
ts.xls': array([CLU, WTR, TRO, WKA, HLY, WTO], dtype=object),[] 
 []


Overfull \hbox (163.21323pt too wide) in paragraph at lines 498--498
[] \OT1/cmtt/m/n/10 '/home/humed/python/fkdata/data/2011/2011_02_constrainedcos
ts.xls': array([CLU, WTR, TRO, HLY, WKA, WTO], dtype=object),[] 
 []


Overfull \hbox (136.96346pt too wide) in paragraph at lines 498--498
[] \OT1/cmtt/m/n/10 '/home/humed/python/fkdata/data/2011/2011_03_constrainedcos
ts.xls': array([CLU, WTR, WKA, TRO, WTO], dtype=object),[] 
 []


Overfull \hbox (163.21323pt too wide) in paragraph at lines 498--498
[] \OT1/cmtt/m/n/10 '/home/humed/python/fkdata/data/2011/2011_04_constrainedcos
ts.xls': array([CLU, WTR, TRO, WKA, HLY, WTO], dtype=object),[] 
 []


Overfull \hbox (136.96346pt too wide) in paragraph at lines 498--498
[] \OT1/cmtt/m/n/10 '/home/humed/python/fkdata/data/2011/2011_05_constrainedcos
ts.xls': array([CLU, WTR, WKA, TRO, WTO], dtype=object),[] 
 []


Overfull \hbox (136.96346pt too wide) in paragraph at lines 498--498
[] \OT1/cmtt/m/n/10 '/home/humed/python/fkdata/data/2011/2011_06_constrainedcos
ts.xls': array([CLU, WTR, TRO, WKA, WTO], dtype=object),[] 
 []


Overfull \hbox (189.463pt too wide) in paragraph at lines 498--498
[] \OT1/cmtt/m/n/10 '/home/humed/python/fkdata/data/2011/2011_07_constrainedcos
ts.xls': array([CLU, SFD, WTR, TRO, WKA, HLY, WTO], dtype=object),[] 
 []


Overfull \hbox (136.96346pt too wide) in paragraph at lines 498--498
[] \OT1/cmtt/m/n/10 '/home/humed/python/fkdata/data/2011/2011_08_constrainedcos
ts.xls': array([CLU, WTR, WKA, TRO, WTO], dtype=object),[] 
 []


Overfull \hbox (163.21323pt too wide) in paragraph at lines 498--498
[] \OT1/cmtt/m/n/10 '/home/humed/python/fkdata/data/2011/2011_09_constrainedcos
ts.xls': array([CLU, WTR, WKA, TRO, HLY, WTO], dtype=object),[] 
 []


Overfull \hbox (163.21323pt too wide) in paragraph at lines 498--498
[] \OT1/cmtt/m/n/10 '/home/humed/python/fkdata/data/2011/2011_10_constrainedcos
ts.xls': array([CLU, WTR, HLY, TRO, WKA, WTO], dtype=object),[] 
 []


Overfull \hbox (136.96346pt too wide) in paragraph at lines 498--498
[] \OT1/cmtt/m/n/10 '/home/humed/python/fkdata/data/2011/2011_11_constrainedcos
ts.xls': array([CLU, WTR, TRO, WKA, WTO], dtype=object),[] 
 []


Overfull \hbox (163.21323pt too wide) in paragraph at lines 498--498
[] \OT1/cmtt/m/n/10 '/home/humed/python/fkdata/data/2011/2011_12_constrainedcos
ts.xls': array([CLU, SFD, WTR, TRO, WKA, WTO], dtype=object),[] 
 []


Overfull \hbox (163.21323pt too wide) in paragraph at lines 498--498
[] \OT1/cmtt/m/n/10 '/home/humed/python/fkdata/data/2012/2012_01_constrainedcos
ts.xls': array([CLU, SFD, WTR, TRO, WKA, WTO], dtype=object),[] 
 []


Overfull \hbox (163.21323pt too wide) in paragraph at lines 498--498
[] \OT1/cmtt/m/n/10 '/home/humed/python/fkdata/data/2012/2012_02_constrainedcos
ts.xls': array([CLU, SFD, WTR, TRO, WKA, WTO], dtype=object),[] 
 []


Overfull \hbox (189.463pt too wide) in paragraph at lines 498--498
[] \OT1/cmtt/m/n/10 '/home/humed/python/fkdata/data/2012/2012_03_constrainedcos
ts.xls': array([CLU, SFD, WTR, TRO, WKA, HLY, WTO], dtype=object),[] 
 []


Overfull \hbox (163.21323pt too wide) in paragraph at lines 498--498
[] \OT1/cmtt/m/n/10 '/home/humed/python/fkdata/data/2012/2012_04_constrainedcos
ts.xls': array([CLU, SFD, WTR, WKA, TRO, WTO], dtype=object),[] 
 []


Overfull \hbox (189.463pt too wide) in paragraph at lines 498--498
[] \OT1/cmtt/m/n/10 '/home/humed/python/fkdata/data/2012/2012_05_constrainedcos
ts.xls': array([CLU, SFD, WTR, WKA, TRO, HLY, WTO], dtype=object),[] 
 []


Overfull \hbox (163.21323pt too wide) in paragraph at lines 498--498
[] \OT1/cmtt/m/n/10 '/home/humed/python/fkdata/data/2012/2012_06_constrainedcos
ts.xls': array([CLU, SFD, WTR, WKA, TRO, WTO], dtype=object),[] 
 []


Overfull \hbox (163.21323pt too wide) in paragraph at lines 498--498
[] \OT1/cmtt/m/n/10 '/home/humed/python/fkdata/data/2012/2012_07_constrainedcos
ts.xls': array([CLU, SFD, WTR, TRO, WKA, WTO], dtype=object),[] 
 []


Overfull \hbox (163.21323pt too wide) in paragraph at lines 498--498
[] \OT1/cmtt/m/n/10 '/home/humed/python/fkdata/data/2012/2012_08_constrainedcos
ts.xls': array([CLU, SFD, WTR, TRO, WKA, WTO], dtype=object),[] 
 []


Overfull \hbox (163.21323pt too wide) in paragraph at lines 498--498
[] \OT1/cmtt/m/n/10 '/home/humed/python/fkdata/data/2012/2012_09_constrainedcos
ts.xls': array([CLU, SFD, WTR, TRO, WKA, WTO], dtype=object),[] 
 []


Overfull \hbox (163.21323pt too wide) in paragraph at lines 498--498
[] \OT1/cmtt/m/n/10 '/home/humed/python/fkdata/data/2012/2012_10_constrainedcos
ts.xls': array([CLU, SFD, WTR, TRO, WKA, WTO], dtype=object),[] 
 []


Overfull \hbox (163.21323pt too wide) in paragraph at lines 498--498
[] \OT1/cmtt/m/n/10 '/home/humed/python/fkdata/data/2012/2012_11_constrainedcos
ts.xls': array([CLU, SFD, WTR, TRO, WKA, WTO], dtype=object),[] 
 []


Overfull \hbox (136.96346pt too wide) in paragraph at lines 498--498
[] \OT1/cmtt/m/n/10 '/home/humed/python/fkdata/data/2012/2012_12_constrainedcos
ts.xls': array([SFD, CLU, WTR, TRO, WTO], dtype=object),[] 
 []


Overfull \hbox (163.21323pt too wide) in paragraph at lines 498--498
[] \OT1/cmtt/m/n/10 '/home/humed/python/fkdata/data/2013/2013_01_constrainedcos
ts.xls': array([CLU, SFD, WTR, TRO, WKA, WTO], dtype=object)}[] 
 []


Underfull \vbox (badness 4403) detected at line 499
 []

[5]
Underfull \vbox (badness 10000) detected at line 499
 []


Overfull \vbox (1.91321pt too high) detected at line 499
 []

[6] (/usr/share/texmf-texlive/tex/latex/ucs/utf8x.def
File: utf8x.def 2004/10/17 UCS: Input encoding UTF-8
) [7]
Overfull \vbox (1.53842pt too high) detected at line 781
 []

[8] [9] (/usr/share/texmf-texlive/tex/latex/ucs/utf8x.def
File: utf8x.def 2004/10/17 UCS: Input encoding UTF-8
) [10]
Overfull \vbox (1.53842pt too high) detected at line 1063
 []

[11] (/usr/share/texmf-texlive/tex/latex/ucs/utf8x.def
File: utf8x.def 2004/10/17 UCS: Input encoding UTF-8
) [12]
(/usr/share/texmf-texlive/tex/latex/ucs/utf8x.def
File: utf8x.def 2004/10/17 UCS: Input encoding UTF-8
)
(/usr/share/texmf-texlive/tex/latex/ucs/utf8x.def
File: utf8x.def 2004/10/17 UCS: Input encoding UTF-8
)
<FK_data_files/FK_data_fig_00.png, id=232, 1554.80875pt x 659.46375pt>
File: FK_data_files/FK_data_fig_00.png Graphic file (type png)

<use FK_data_files/FK_data_fig_00.png>
Underfull \vbox (badness 10000) detected at line 1139
 []

[13]
Underfull \hbox (badness 1028) in paragraph at lines 1144--1146
[]\OT1/cmr/m/n/10.95 This is much more likely, see http://www.systemoperator.co
.nz/f1693,2039326/frequency-
 []

(/usr/share/texmf-texlive/tex/latex/ucs/utf8x.def
File: utf8x.def 2004/10/17 UCS: Input encoding UTF-8
)
(/usr/share/texmf-texlive/tex/latex/ucs/utf8x.def
File: utf8x.def 2004/10/17 UCS: Input encoding UTF-8
) [14 <./FK_data_files/FK_data_fig_00.png>] (/usr/share/texmf-texlive/tex/latex
/ucs/utf8x.def
File: utf8x.def 2004/10/17 UCS: Input encoding UTF-8
)
(/usr/share/texmf-texlive/tex/latex/ucs/utf8x.def
File: utf8x.def 2004/10/17 UCS: Input encoding UTF-8
)
Overfull \vbox (0.64717pt too high) detected at line 1265
 []

[15] <FK_data_files/FK_data_fig_01.png, id=283, 1563.8425pt x 712.6625pt>
File: FK_data_files/FK_data_fig_01.png Graphic file (type png)

<use FK_data_files/FK_data_fig_01.png>
(/usr/share/texmf-texlive/tex/latex/ucs/utf8x.def
File: utf8x.def 2004/10/17 UCS: Input encoding UTF-8
) [16 <./FK_data_files/FK_data_fig_01.png>] (/usr/share/texmf-texlive/tex/latex
/ucs/utf8x.def
File: utf8x.def 2004/10/17 UCS: Input encoding UTF-8
)
(/usr/share/texmf-texlive/tex/latex/ucs/utf8x.def
File: utf8x.def 2004/10/17 UCS: Input encoding UTF-8
)
(/usr/share/texmf-texlive/tex/latex/ucs/utf8x.def
File: utf8x.def 2004/10/17 UCS: Input encoding UTF-8
) [17]
(/usr/share/texmf-texlive/tex/latex/ucs/utf8x.def
File: utf8x.def 2004/10/17 UCS: Input encoding UTF-8
)
(/usr/share/texmf-texlive/tex/latex/ucs/utf8x.def
File: utf8x.def 2004/10/17 UCS: Input encoding UTF-8
)
(/usr/share/texmf-texlive/tex/latex/ucs/utf8x.def
File: utf8x.def 2004/10/17 UCS: Input encoding UTF-8
)
(/usr/share/texmf-texlive/tex/latex/ucs/utf8x.def
File: utf8x.def 2004/10/17 UCS: Input encoding UTF-8
)
(/usr/share/texmf-texlive/tex/latex/ucs/utf8x.def
File: utf8x.def 2004/10/17 UCS: Input encoding UTF-8
) [18]
<FK_data_files/FK_data_fig_02.png, id=332, 1186.4325pt x 975.645pt>
File: FK_data_files/FK_data_fig_02.png Graphic file (type png)

<use FK_data_files/FK_data_fig_02.png>
(/usr/share/texmf-texlive/tex/latex/ucs/utf8x.def
File: utf8x.def 2004/10/17 UCS: Input encoding UTF-8
)
<FK_data_files/FK_data_fig_03.png, id=333, 1168.365pt x 1093.08376pt>
File: FK_data_files/FK_data_fig_03.png Graphic file (type png)

<use FK_data_files/FK_data_fig_03.png>
Underfull \vbox (badness 10000) detected at line 1510
 []

[19 <./FK_data_files/FK_data_fig_02.png>]
(/usr/share/texmf-texlive/tex/latex/ucs/utf8x.def
File: utf8x.def 2004/10/17 UCS: Input encoding UTF-8
)
<FK_data_files/FK_data_fig_04.png, id=354, 1718.42pt x 756.8275pt>
File: FK_data_files/FK_data_fig_04.png Graphic file (type png)

<use FK_data_files/FK_data_fig_04.png>
Underfull \vbox (badness 10000) detected at line 1534
 []

[20 <./FK_data_files/FK_data_fig_03.png>]
(/usr/share/texmf-texlive/tex/latex/ucs/utf8x.def
File: utf8x.def 2004/10/17 UCS: Input encoding UTF-8
)
<FK_data_files/FK_data_fig_05.png, id=370, 1633.10126pt x 734.745pt>
File: FK_data_files/FK_data_fig_05.png Graphic file (type png)

<use FK_data_files/FK_data_fig_05.png>
<FK_data_files/FK_data_fig_06.png, id=371, 1627.07875pt x 734.745pt>
File: FK_data_files/FK_data_fig_06.png Graphic file (type png)

<use FK_data_files/FK_data_fig_06.png>
Underfull \vbox (badness 10000) detected at line 1583
 []

[21 <./FK_data_files/FK_data_fig_04.png>]
(/usr/share/texmf-texlive/tex/latex/ucs/utf8x.def
File: utf8x.def 2004/10/17 UCS: Input encoding UTF-8
)
(/usr/share/texmf-texlive/tex/latex/ucs/utf8x.def
File: utf8x.def 2004/10/17 UCS: Input encoding UTF-8
)
<FK_data_files/FK_data_fig_07.png, id=401, 1566.85374pt x 661.47125pt>
File: FK_data_files/FK_data_fig_07.png Graphic file (type png)

<use FK_data_files/FK_data_fig_07.png>
Underfull \vbox (badness 10000) detected at line 1615
 []

[22 <./FK_data_files/FK_data_fig_05.png> <./FK_data_files/FK_data_fig_06.png>]
(/usr/share/texmf-texlive/tex/latex/ucs/utf8x.def
File: utf8x.def 2004/10/17 UCS: Input encoding UTF-8
)
(/usr/share/texmf-texlive/tex/latex/ucs/utf8x.def
File: utf8x.def 2004/10/17 UCS: Input encoding UTF-8
)
(/usr/share/texmf-texlive/tex/latex/ucs/utf8x.def
File: utf8x.def 2004/10/17 UCS: Input encoding UTF-8
)
Underfull \vbox (badness 1365) detected at line 1670
 []

[23 <./FK_data_files/FK_data_fig_07.png>]
<FK_data_files/FK_data_fig_08.png, id=448, 1581.91pt x 672.5125pt>
File: FK_data_files/FK_data_fig_08.png Graphic file (type png)

<use FK_data_files/FK_data_fig_08.png>
(/usr/share/texmf-texlive/tex/latex/ucs/utf8x.def
File: utf8x.def 2004/10/17 UCS: Input encoding UTF-8
)
<FK_data_files/FK_data_fig_09.png, id=449, 1770.615pt x 809.0225pt>
File: FK_data_files/FK_data_fig_09.png Graphic file (type png)

<use FK_data_files/FK_data_fig_09.png>
(/usr/share/texmf-texlive/tex/latex/ucs/utf8x.def
File: utf8x.def 2004/10/17 UCS: Input encoding UTF-8
)
Underfull \vbox (badness 10000) detected at line 1737
 []

[24 <./FK_data_files/FK_data_fig_08.png> <./FK_data_files/FK_data_fig_09.png>]
<FK_data_files/FK_data_fig_10.png, id=476, 1639.12375pt x 734.745pt>
File: FK_data_files/FK_data_fig_10.png Graphic file (type png)

<use FK_data_files/FK_data_fig_10.png>
<FK_data_files/FK_data_fig_11.png, id=477, 1633.10126pt x 734.745pt>
File: FK_data_files/FK_data_fig_11.png Graphic file (type png)

<use FK_data_files/FK_data_fig_11.png> [25 <./FK_data_files/FK_data_fig_10.png>
 <./FK_data_files/FK_data_fig_11.png>]
(/usr/share/texmf-texlive/tex/latex/ucs/utf8x.def
File: utf8x.def 2004/10/17 UCS: Input encoding UTF-8
)
(/usr/share/texmf-texlive/tex/latex/ucs/utf8x.def
File: utf8x.def 2004/10/17 UCS: Input encoding UTF-8
)
(/usr/share/texmf-texlive/tex/latex/ucs/utf8x.def
File: utf8x.def 2004/10/17 UCS: Input encoding UTF-8
)
(/usr/share/texmf-texlive/tex/latex/ucs/utf8x.def
File: utf8x.def 2004/10/17 UCS: Input encoding UTF-8
)
<FK_data_files/FK_data_fig_12.png, id=509, 1562.83875pt x 729.72626pt>
File: FK_data_files/FK_data_fig_12.png Graphic file (type png)

<use FK_data_files/FK_data_fig_12.png>
Underfull \vbox (badness 10000) detected at line 1833
 []

[26] (/usr/share/texmf-texlive/tex/latex/ucs/utf8x.def
File: utf8x.def 2004/10/17 UCS: Input encoding UTF-8
)
(/usr/share/texmf-texlive/tex/latex/ucs/utf8x.def
File: utf8x.def 2004/10/17 UCS: Input encoding UTF-8
) [27 <./FK_data_files/FK_data_fig_12.png>]
<FK_data_files/FK_data_fig_13.png, id=555, 1560.83125pt x 672.5125pt>
File: FK_data_files/FK_data_fig_13.png Graphic file (type png)

<use FK_data_files/FK_data_fig_13.png>
(/usr/share/texmf-texlive/tex/latex/ucs/utf8x.def
File: utf8x.def 2004/10/17 UCS: Input encoding UTF-8
)
(/usr/share/texmf-texlive/tex/latex/ucs/utf8x.def
File: utf8x.def 2004/10/17 UCS: Input encoding UTF-8
)
<FK_data_files/FK_data_fig_14.png, id=556, 1562.83875pt x 980.66376pt>
File: FK_data_files/FK_data_fig_14.png Graphic file (type png)

<use FK_data_files/FK_data_fig_14.png>
Underfull \vbox (badness 10000) detected at line 1937
 []

[28 <./FK_data_files/FK_data_fig_13.png>]
(/usr/share/texmf-texlive/tex/latex/ucs/utf8x.def
File: utf8x.def 2004/10/17 UCS: Input encoding UTF-8
)
(/usr/share/texmf-texlive/tex/latex/ucs/utf8x.def
File: utf8x.def 2004/10/17 UCS: Input encoding UTF-8
)
(/usr/share/texmf-texlive/tex/latex/ucs/utf8x.def
File: utf8x.def 2004/10/17 UCS: Input encoding UTF-8
) [29 <./FK_data_files/FK_data_fig_14.png>] (/usr/share/texmf-texlive/tex/latex
/ucs/utf8x.def
File: utf8x.def 2004/10/17 UCS: Input encoding UTF-8
)
(/usr/share/texmf-texlive/tex/latex/ucs/utf8x.def
File: utf8x.def 2004/10/17 UCS: Input encoding UTF-8
)
(/usr/share/texmf-texlive/tex/latex/ucs/utf8x.def
File: utf8x.def 2004/10/17 UCS: Input encoding UTF-8
)
<FK_data_files/FK_data_fig_15.png, id=596, 1569.865pt x 741.77126pt>
File: FK_data_files/FK_data_fig_15.png Graphic file (type png)

<use FK_data_files/FK_data_fig_15.png>
Underfull \vbox (badness 3000) detected at line 2069
 []

[30] (/usr/share/texmf-texlive/tex/latex/ucs/utf8x.def
File: utf8x.def 2004/10/17 UCS: Input encoding UTF-8
)
<FK_data_files/FK_data_fig_16.png, id=616, 1569.865pt x 741.77126pt>
File: FK_data_files/FK_data_fig_16.png Graphic file (type png)

<use FK_data_files/FK_data_fig_16.png> [31 <./FK_data_files/FK_data_fig_15.png>
 <./FK_data_files/FK_data_fig_16.png>]
(/usr/share/texmf-texlive/tex/latex/ucs/utf8x.def
File: utf8x.def 2004/10/17 UCS: Input encoding UTF-8
)
<FK_data_files/FK_data_fig_17.png, id=637, 1569.865pt x 741.77126pt>
File: FK_data_files/FK_data_fig_17.png Graphic file (type png)

<use FK_data_files/FK_data_fig_17.png>
(/usr/share/texmf-texlive/tex/latex/ucs/utf8x.def
File: utf8x.def 2004/10/17 UCS: Input encoding UTF-8
) [32 <./FK_data_files/FK_data_fig_17.png>]
Overfull \hbox (525.46007pt too wide) in paragraph at lines 2163--2163
[]\OT1/cmtt/m/n/10 /usr/local/lib/python2.7/dist-packages/pandas-0.11.0.dev_14a
04dd-py2.7-linux-x86_64.egg/pandas/core/frame.py:2006: UserWarning: Boolean Ser
ies key will be reindexed to match DataFrame index.[] 
 []

<FK_data_files/FK_data_fig_18.png, id=665, 1560.83125pt x 726.715pt>
File: FK_data_files/FK_data_fig_18.png Graphic file (type png)

<use FK_data_files/FK_data_fig_18.png>
(/usr/share/texmf-texlive/tex/latex/ucs/utf8x.def
File: utf8x.def 2004/10/17 UCS: Input encoding UTF-8
)
<FK_data_files/FK_data_fig_19.png, id=666, 1560.83125pt x 726.715pt>
File: FK_data_files/FK_data_fig_19.png Graphic file (type png)

<use FK_data_files/FK_data_fig_19.png>
Underfull \vbox (badness 10000) detected at line 2199
 []

[33 <./FK_data_files/FK_data_fig_18.png>]
(/usr/share/texmf-texlive/tex/latex/ucs/utf8x.def
File: utf8x.def 2004/10/17 UCS: Input encoding UTF-8
)
<FK_data_files/FK_data_fig_20.png, id=691, 1566.85374pt x 756.8275pt>
File: FK_data_files/FK_data_fig_20.png Graphic file (type png)

<use FK_data_files/FK_data_fig_20.png> [34 <./FK_data_files/FK_data_fig_19.png>
 <./FK_data_files/FK_data_fig_20.png>]
(/usr/share/texmf-texlive/tex/latex/ucs/utf8x.def
File: utf8x.def 2004/10/17 UCS: Input encoding UTF-8
)
<FK_data_files/FK_data_fig_21.png, id=708, 1575.8875pt x 1187.43625pt>
File: FK_data_files/FK_data_fig_21.png Graphic file (type png)

<use FK_data_files/FK_data_fig_21.png>
Underfull \vbox (badness 10000) detected at line 2275
 []

[35] (/usr/share/texmf-texlive/tex/latex/ucs/utf8x.def
File: utf8x.def 2004/10/17 UCS: Input encoding UTF-8
)
<FK_data_files/FK_data_fig_22.png, id=735, 1569.865pt x 1187.43625pt>
File: FK_data_files/FK_data_fig_22.png Graphic file (type png)

<use FK_data_files/FK_data_fig_22.png>
Underfull \vbox (badness 10000) detected at line 2311
 []

[36 <./FK_data_files/FK_data_fig_21.png>]
(/usr/share/texmf-texlive/tex/latex/ucs/utf8x.def
File: utf8x.def 2004/10/17 UCS: Input encoding UTF-8
)
<FK_data_files/FK_data_fig_23.png, id=762, 1556.81625pt x 756.8275pt>
File: FK_data_files/FK_data_fig_23.png Graphic file (type png)

<use FK_data_files/FK_data_fig_23.png>
Underfull \vbox (badness 10000) detected at line 2343
 []

[37 <./FK_data_files/FK_data_fig_22.png>]
(/usr/share/texmf-texlive/tex/latex/ucs/utf8x.def
File: utf8x.def 2004/10/17 UCS: Input encoding UTF-8
)
<FK_data_files/FK_data_fig_24.png, id=788, 1560.83125pt x 726.715pt>
File: FK_data_files/FK_data_fig_24.png Graphic file (type png)

<use FK_data_files/FK_data_fig_24.png>
(/usr/share/texmf-texlive/tex/latex/ucs/utf8x.def
File: utf8x.def 2004/10/17 UCS: Input encoding UTF-8
) [38 <./FK_data_files/FK_data_fig_23.png> <./FK_data_files/FK_data_fig_24.png>
]
<FK_data_files/FK_data_fig_25.png, id=812, 1560.83125pt x 726.715pt>
File: FK_data_files/FK_data_fig_25.png Graphic file (type png)

<use FK_data_files/FK_data_fig_25.png>
(/usr/share/texmf-texlive/tex/latex/ucs/utf8x.def
File: utf8x.def 2004/10/17 UCS: Input encoding UTF-8
)
<FK_data_files/FK_data_fig_26.png, id=813, 1566.85374pt x 756.8275pt>
File: FK_data_files/FK_data_fig_26.png Graphic file (type png)

<use FK_data_files/FK_data_fig_26.png>
Underfull \vbox (badness 10000) detected at line 2425
 []

[39 <./FK_data_files/FK_data_fig_25.png>]
(/usr/share/texmf-texlive/tex/latex/ucs/utf8x.def
File: utf8x.def 2004/10/17 UCS: Input encoding UTF-8
)
<FK_data_files/FK_data_fig_27.png, id=837, 1562.83875pt x 792.9625pt>
File: FK_data_files/FK_data_fig_27.png Graphic file (type png)

<use FK_data_files/FK_data_fig_27.png> [40 <./FK_data_files/FK_data_fig_26.png>
 <./FK_data_files/FK_data_fig_27.png>]
(/usr/share/texmf-texlive/tex/latex/ucs/utf8x.def
File: utf8x.def 2004/10/17 UCS: Input encoding UTF-8
)
<FK_data_files/FK_data_fig_28.png, id=860, 1568.86125pt x 792.9625pt>
File: FK_data_files/FK_data_fig_28.png Graphic file (type png)

<use FK_data_files/FK_data_fig_28.png>
(/usr/share/texmf-texlive/tex/latex/ucs/utf8x.def
File: utf8x.def 2004/10/17 UCS: Input encoding UTF-8
)
Underfull \vbox (badness 10000) detected at line 2508
 []

[41 <./FK_data_files/FK_data_fig_28.png>]
<FK_data_files/FK_data_fig_29.png, id=895, 1550.79375pt x 756.8275pt>
File: FK_data_files/FK_data_fig_29.png Graphic file (type png)

<use FK_data_files/FK_data_fig_29.png>
(/usr/share/texmf-texlive/tex/latex/ucs/utf8x.def
File: utf8x.def 2004/10/17 UCS: Input encoding UTF-8
)
(/usr/share/texmf-texlive/tex/latex/ucs/utf8x.def
File: utf8x.def 2004/10/17 UCS: Input encoding UTF-8
)
! You can't use `macro parameter character #' in vertical mode.
l.2554 #
        File renamer
? 

Overfull \hbox (5.66026pt too wide) in paragraph at lines 2556--2557
[]\OT1/cmr/m/n/10.95 months='jan':1,'feb':2,'mar':3,'apr':4,'may':5,'jun':6,'ju
l':7,'aug':8,'sep':9,'oct':10,'nov':11,'dec':12 
 []

! Missing $ inserted.
<inserted text> 
                $
l.2561     if f.split('_
                        ')[1][:2].lower()=='cl': #cleared
? 
! Missing { inserted.
<to be read again> 
                   ^
l.2561     if f.split('_'
                         )[1][:2].lower()=='cl': #cleared
? 
! You can't use `macro parameter character #' in math mode.
l.2561     if f.split('_')[1][:2].lower()=='cl': #
                                                  cleared
? 
! Missing { inserted.
<to be read again> 
                   ^
l.2562         os.rename(f,year + '_'
                                      + str(months[f.split('_')[3].split('.'...

? 
! Missing { inserted.
<to be read again> 
                   ^
l.2562 ...me(f,year + '_' + str(months[f.split('_'
                                                  )[3].split('.')[0][:3].low...

? 
! Missing { inserted.
<to be read again> 
                   ^
l.2563     if f.split('_'
                         )[1][:2].lower()=='co': #constrained costs
? 
! You can't use `macro parameter character #' in math mode.
l.2563     if f.split('_')[1][:2].lower()=='co': #
                                                  constrained costs
? 
! Missing { inserted.
<to be read again> 
                   ^
l.2564         os.rename(f,year + '_'
                                      + str(months[f.split('_')[3].split('.'...

? 
! Missing { inserted.
<to be read again> 
                   ^
l.2564 ...me(f,year + '_' + str(months[f.split('_'
                                                  )[3].split('.')[0][:3].low...

? 
! Missing $ inserted.
<inserted text> 
                $
l.2565 
       
? 
! Missing } inserted.
<inserted text> 
                }
l.2565 
       
? 
! Missing } inserted.
<inserted text> 
                }
l.2565 
       
? 
! Missing } inserted.
<inserted text> 
                }
l.2565 
       
? 
! Missing } inserted.
<inserted text> 
                }
l.2565 
       
? 
! Missing } inserted.
<inserted text> 
                }
l.2565 
       
? 
! Missing } inserted.
<inserted text> 
                }
l.2565 
       
? 

Underfull \hbox (badness 10000) in paragraph at lines 2558--2565
[]\OT1/cmr/m/n/10.95 year='2005' os.chdir(path+year) for f in os.listdir(path +
 year): if
 []


Overfull \hbox (522.28735pt too wide) in paragraph at lines 2558--2565
\OT1/cmr/m/n/10.95 f.split('$[]$ 
 []


Underfull \hbox (badness 10000) in paragraph at lines 2566--2571
[]\OT1/cmr/m/n/10.95 formatter = log-ging.Formatter('|consoleLogger = log-ging.
StreamHandler()
 []


Underfull \hbox (badness 10000) in paragraph at lines 2566--2571
\OT1/cmr/m/n/10.95 con-soleL-og-ger.setLevel(logging.INFO) con-soleL-og-ger.set
Formatter(formatter) log-
 []

[42 <./FK_data_files/FK_data_fig_29.png>]
Underfull \hbox (badness 10000) in paragraph at lines 2572--2576
[]\OT1/cmr/m/n/10.95 fileLogger = log-ging.handlers.RotatingFileHandler(filenam
e=path+ 'fk-data.log',maxBytes
 []


Underfull \hbox (badness 10000) in paragraph at lines 2572--2576
\OT1/cmr/m/n/10.95 = 1024*1024, back-up-Count = 9) fileL-og-ger.setLevel(loggin
g.ERROR) fileL-og-
 []


Underfull \hbox (badness 3792) in paragraph at lines 2577--2580
[]\OT1/cmr/m/n/10.95 logger = log-ging.getLogger('FK DATA SCRAPER') log-ger.set
Level(logging.INFO) log-
 []

! Missing $ inserted.
<inserted text> 
                $
l.2582 fk_
          dict={}
? 
! Missing $ inserted.
<inserted text> 
                $
l.2583 
       
? 
! Missing $ inserted.
<inserted text> 
                $
l.2584 def fk_
              name_value(r):
? 
! You can't use `macro parameter character #' in math mode.
l.2585    #
           Get fk file site id
? 

LaTeX Warning: Command \r invalid in math mode on input line 2586.

! Undefined control sequence.
<argument> \n 
              
l.2586 ...('class="document xlsx"')[1].split('\r\n
                                                  ')[1].replace(' ','').repl...

? 
! Please use \mathaccent for accents in math mode.
\add@accent ...@spacefactor \spacefactor }\accent 
                                                  #1 #2\egroup \spacefactor ...
l.2586 ...('class="document xlsx"')[1].split('\r\n
                                                  ')[1].replace(' ','').repl...

? 
! Undefined control sequence.
<argument> \n 
              
l.2586 ...('class="document xlsx"')[1].split('\r\n
                                                  ')[1].replace(' ','').repl...

? 
! Missing { inserted.
<to be read again> 
                   \egroup 
l.2586 ...('class="document xlsx"')[1].split('\r\n
                                                  ')[1].replace(' ','').repl...

? 
! You can't use `\spacefactor' in math mode.
\add@accent ...}\accent #1 #2\egroup \spacefactor 
                                                  \accent@spacefactor 
l.2586 ...('class="document xlsx"')[1].split('\r\n
                                                  ')[1].replace(' ','').repl...

? 
! Double superscript.
<recently read> ^
                 
l.2586 ... xlsx"')[1].split('\r\n')[1].replace(' '
                                                  ,'').replace('<td>','').re...

? 
! You can't use `macro parameter character #' in math mode.
l.2587    #
           return School hidden value
? 
! Missing $ inserted.
<inserted text> 
                $
l.2590 
       
? 
! Missing } inserted.
<inserted text> 
                }
l.2590 
       
? 
Missing character: There is no  in font cmex10!

Underfull \hbox (badness 10000) in paragraph at lines 2584--2590
[]\OT1/cmr/m/n/10.95 def fk$[]\OML/cmm/m/it/10.95 ame[]alue\OT1/cmr/m/n/10.95 (
\OML/cmm/m/it/10.95 r\OT1/cmr/m/n/10.95 ) : \OML/cmm/m/it/10.95 Getfkfilesiteid
name \OT1/cmr/m/n/10.95 = \OML/cmm/m/it/10.95 r:get[]ata\OT1/cmr/m/n/10.95 ()\O
ML/cmm/m/it/10.95 :split\OT1/cmr/m/n/10.95 ([]\OML/cmm/m/it/10.95 class \OT1/cm
r/m/n/10.95 =
 []


Overfull \hbox (789.62544pt too wide) in paragraph at lines 2584--2590
\OT1/cmr/m/n/10.95 "\OML/cmm/m/it/10.95 documentxlsx\OT1/cmr/m/n/10.95 "[])[1]\
OML/cmm/m/it/10.95 :split\OT1/cmr/m/n/10.95 ([][]$ 
 []

! You can't use `macro parameter character #' in horizontal mode.
l.2592 br = mechanize.Browser() #
                                  Browser
? 
! Missing $ inserted.
<inserted text> 
                $
l.2593 br.set_
              handle_refresh(mechanize._http.HTTPRefreshProcessor(), max_tim...

? 
! You can't use `macro parameter character #' in math mode.
l.2593 ...tp.HTTPRefreshProcessor(), max_time=1) #
                                                   Follows refresh 0 but not...

? 
! You can't use `macro parameter character #' in math mode.
l.2594 ...15 Fedora/3.0.1-1.fc9 Firefox/3.0.1')] #
                                                   User-Agent (this is cheat...

? 
! Missing $ inserted.
<inserted text> 
                $
l.2596 
       
? 

Underfull \hbox (badness 10000) in paragraph at lines 2591--2596
[]\OT1/cmr/m/n/10.95 url='https://www.ea.govt.nz/industry/pso-cq/system-operati
ons/fk-data/' br = mech-a-
 []


Overfull \hbox (16.11739pt too wide) in paragraph at lines 2591--2596
\OT1/cmr/m/n/10.95 nize.Browser()  Browser br.set$[]\OML/cmm/m/it/10.95 andle[]
efresh\OT1/cmr/m/n/10.95 (\OML/cmm/m/it/10.95 mechanize:[]ttp:HTTPRefreshProces
sor\OT1/cmr/m/n/10.95 ()\OML/cmm/m/it/10.95 ; max[]ime \OT1/cmr/m/n/10.95 =
 []


Underfull \hbox (badness 10000) in paragraph at lines 2591--2596
\OT1/cmr/m/n/10.95 1)\OML/cmm/m/it/10.95 Followsrefresh\OT1/cmr/m/n/10.95 0\OML
/cmm/m/it/10.95 butnothangsonrefresh > \OT1/cmr/m/n/10.95 0\OML/cmm/m/it/10.95 
br:addheaders \OT1/cmr/m/n/10.95 = [([]\OML/cmm/m/it/10.95 User \OMS/cmsy/m/n/1
0.95 ^^@
 []

! Missing $ inserted.
<inserted text> 
                $
l.2599     file_
                name = fkscrape[f].split('class="full-link" href=')[1].split...

? 
! Missing $ inserted.
<inserted text> 
                $
l.2601 
       
? 
! Missing $ inserted.
<inserted text> 
                $
l.2602 url_
           head='https://www.ea.govt.nz'
? 
! Missing $ inserted.
<inserted text> 
                $
l.2603 
       
? 
! Missing $ inserted.
<inserted text> 
                $
l.2604 for file_
                name,path in fk_dict.iteritems():
? 
! Missing $ inserted.
<inserted text> 
                $
l.2605 
       
? 
! Missing $ inserted.
<inserted text> 
                $
l.2606     print 'Downloading: ' + file_
                                        name
? 
! Missing $ inserted.
<inserted text> 
                $
l.2614 
       
? 
! Missing $ inserted.
<inserted text> 
                $
l.2617 month_
             map = {'jan':1,'feb':2,'mar':3,'apr':4,'may':5,'jun':6,'jul':7,...

? 
! Missing $ inserted.
<inserted text> 
                $
l.2618 
       
? 

Overfull \hbox (127.67699pt too wide) in paragraph at lines 2617--2618
[]\OT1/cmr/m/n/10.95 month$[]\OML/cmm/m/it/10.95 ap \OT1/cmr/m/n/10.95 = []$ 
 []

! You can't use `macro parameter character #' in horizontal mode.
l.2623             #
                    print f2.split('.')[0][-5:-2]
? 
! You can't use `macro parameter character #' in horizontal mode.
l.2624             #
                    rename files top sensible names!
? 
! Missing $ inserted.
<inserted text> 
                $
l.2625 ...name = '20' + f2.split('.')[0][-2:] + '_
                                                  ' + str(month_map[f2.split...

? 
! Missing { inserted.
<to be read again> 
                   ^
l.2625 ...ame = '20' + f2.split('.')[0][-2:] + '_'
                                                   + str(month_map[f2.split(...

? 
! Missing $ inserted.
<inserted text> 
                $
l.2627 
       
? 
! Missing } inserted.
<inserted text> 
                }
l.2627 
       
? 
! Missing $ inserted.
<inserted text> 
                $
l.2628 month_
             map = {'jan':1,'feb':2,'mar':3,'apr':4,'may':5,'jun':6,'jul':7,...

? 
! Missing $ inserted.
<inserted text> 
                $
l.2629 
       
? 

Overfull \hbox (127.67699pt too wide) in paragraph at lines 2628--2629
[]\OT1/cmr/m/n/10.95 month$[]\OML/cmm/m/it/10.95 ap \OT1/cmr/m/n/10.95 = []$ 
 []

! You can't use `macro parameter character #' in horizontal mode.
l.2634              #
                     print f2.split('.')[0][-5:-2]
? 
! You can't use `macro parameter character #' in horizontal mode.
l.2635              #
                     rename files top sensible names!
? 
! Missing $ inserted.
<inserted text> 
                $
l.2636 ...name = '20' + f2.split('.')[0][-2:] + '_
                                                  ' + str(month_map[f2.split...

? 
! Missing { inserted.
<to be read again> 
                   ^
l.2636 ...ame = '20' + f2.split('.')[0][-2:] + '_'
                                                   + str(month_map[f2.split(...

? 
! Missing $ inserted.
<inserted text> 
                $
l.2639 \end{document}
                     
? 
! Missing } inserted.
<inserted text> 
                }
l.2639 \end{document}
                     
? 

Overfull \hbox (110.1419pt too wide) in paragraph at lines 2630--2639
\OT1/cmr/m/n/10.95 '$[]$ 
 []

[43] (./FK_data.aux) ) 
Here is how much of TeX's memory you used:
 8499 strings out of 495061
 128234 string characters out of 12432621
 569912 words of memory out of 30000000
 10693 multiletter control sequences out of 15000+500000
 9883 words of font info for 38 fonts, out of 3000000 for 9000
 28 hyphenation exceptions out of 8191
 32i,8n,40p,335b,1011s stack positions out of 5000i,500n,10000p,200000b,50000s
</usr/share/texmf-texlive/fonts/type1/public/amsfonts/cm/
cmbx10.pfb></usr/share/texmf-texlive/fonts/type1/public/amsfonts/cm/cmbx12.pfb>
</usr/share/texmf-texlive/fonts/type1/public/amsfonts/cm/cmmi10.pfb></usr/share
/texmf-texlive/fonts/type1/public/amsfonts/cm/cmmi6.pfb></usr/share/texmf-texli
ve/fonts/type1/public/amsfonts/cm/cmmi8.pfb></usr/share/texmf-texlive/fonts/typ
e1/public/amsfonts/cm/cmr10.pfb></usr/share/texmf-texlive/fonts/type1/public/am
sfonts/cm/cmr6.pfb></usr/share/texmf-texlive/fonts/type1/public/amsfonts/cm/cmr
8.pfb></usr/share/texmf-texlive/fonts/type1/public/amsfonts/cm/cmsy10.pfb></usr
/share/texmf-texlive/fonts/type1/public/amsfonts/cm/cmsy6.pfb></usr/share/texmf
-texlive/fonts/type1/public/amsfonts/cm/cmsy8.pfb></usr/share/texmf-texlive/fon
ts/type1/public/amsfonts/cm/cmti10.pfb></usr/share/texmf-texlive/fonts/type1/pu
blic/amsfonts/cm/cmtt10.pfb>
Output written on FK_data.pdf (43 pages, 2050929 bytes).
PDF statistics:
 1110 PDF objects out of 1200 (max. 8388607)
 709 named destinations out of 1000 (max. 500000)
 151 words of extra memory for PDF output out of 10000 (max. 10000000)

