This is pdfTeX, Version 3.1415926-1.40.10 (TeX Live 2009/Debian) (format=pdflatex 2012.9.13)  29 OCT 2012 15:59
entering extended mode
 %&-line parsing enabled.
**forced_outages-svg.tex
(./forced_outages-svg.tex
LaTeX2e <2009/09/24>
Babel <v3.8l> and hyphenation patterns for english, usenglishmax, dumylang, noh
yphenation, loaded.
(/usr/share/texmf-texlive/tex/latex/base/article.cls
Document Class: article 2007/10/19 v1.4h Standard LaTeX document class
(/usr/share/texmf-texlive/tex/latex/base/size11.clo
File: size11.clo 2007/10/19 v1.4h Standard LaTeX file (size option)
)
\c@part=\count79
\c@section=\count80
\c@subsection=\count81
\c@subsubsection=\count82
\c@paragraph=\count83
\c@subparagraph=\count84
\c@figure=\count85
\c@table=\count86
\abovecaptionskip=\skip41
\belowcaptionskip=\skip42
\bibindent=\dimen102
)
(/usr/share/texmf-texlive/tex/latex/amsmath/amsmath.sty
Package: amsmath 2000/07/18 v2.13 AMS math features
\@mathmargin=\skip43

For additional information on amsmath, use the `?' option.
(/usr/share/texmf-texlive/tex/latex/amsmath/amstext.sty
Package: amstext 2000/06/29 v2.01

(/usr/share/texmf-texlive/tex/latex/amsmath/amsgen.sty
File: amsgen.sty 1999/11/30 v2.0
\@emptytoks=\toks14
\ex@=\dimen103
))
(/usr/share/texmf-texlive/tex/latex/amsmath/amsbsy.sty
Package: amsbsy 1999/11/29 v1.2d
\pmbraise@=\dimen104
)
(/usr/share/texmf-texlive/tex/latex/amsmath/amsopn.sty
Package: amsopn 1999/12/14 v2.01 operator names
)
\inf@bad=\count87
LaTeX Info: Redefining \frac on input line 211.
\uproot@=\count88
\leftroot@=\count89
LaTeX Info: Redefining \overline on input line 307.
\classnum@=\count90
\DOTSCASE@=\count91
LaTeX Info: Redefining \ldots on input line 379.
LaTeX Info: Redefining \dots on input line 382.
LaTeX Info: Redefining \cdots on input line 467.
\Mathstrutbox@=\box26
\strutbox@=\box27
\big@size=\dimen105
LaTeX Font Info:    Redeclaring font encoding OML on input line 567.
LaTeX Font Info:    Redeclaring font encoding OMS on input line 568.
\macc@depth=\count92
\c@MaxMatrixCols=\count93
\dotsspace@=\muskip10
\c@parentequation=\count94
\dspbrk@lvl=\count95
\tag@help=\toks15
\row@=\count96
\column@=\count97
\maxfields@=\count98
\andhelp@=\toks16
\eqnshift@=\dimen106
\alignsep@=\dimen107
\tagshift@=\dimen108
\tagwidth@=\dimen109
\totwidth@=\dimen110
\lineht@=\dimen111
\@envbody=\toks17
\multlinegap=\skip44
\multlinetaggap=\skip45
\mathdisplay@stack=\toks18
LaTeX Info: Redefining \[ on input line 2666.
LaTeX Info: Redefining \] on input line 2667.
)
(/usr/share/texmf-texlive/tex/latex/amsfonts/amssymb.sty
Package: amssymb 2009/06/22 v3.00

(/usr/share/texmf-texlive/tex/latex/amsfonts/amsfonts.sty
Package: amsfonts 2009/06/22 v3.00 Basic AMSFonts support
\symAMSa=\mathgroup4
\symAMSb=\mathgroup5
LaTeX Font Info:    Overwriting math alphabet `\mathfrak' in version `bold'
(Font)                  U/euf/m/n --> U/euf/b/n on input line 96.
))
(/usr/share/texmf-texlive/tex/latex/graphics/graphicx.sty
Package: graphicx 1999/02/16 v1.0f Enhanced LaTeX Graphics (DPC,SPQR)

(/usr/share/texmf-texlive/tex/latex/graphics/keyval.sty
Package: keyval 1999/03/16 v1.13 key=value parser (DPC)
\KV@toks@=\toks19
)
(/usr/share/texmf-texlive/tex/latex/graphics/graphics.sty
Package: graphics 2009/02/05 v1.0o Standard LaTeX Graphics (DPC,SPQR)

(/usr/share/texmf-texlive/tex/latex/graphics/trig.sty
Package: trig 1999/03/16 v1.09 sin cos tan (DPC)
)
(/etc/texmf/tex/latex/config/graphics.cfg
File: graphics.cfg 2009/08/28 v1.8 graphics configuration of TeX Live
)
Package graphics Info: Driver file: pdftex.def on input line 91.

(/usr/share/texmf-texlive/tex/latex/pdftex-def/pdftex.def
File: pdftex.def 2010/03/12 v0.04p Graphics/color for pdfTeX
\Gread@gobject=\count99
))
\Gin@req@height=\dimen112
\Gin@req@width=\dimen113
)
(/usr/share/texmf-texlive/tex/latex/ucs/ucs.sty
Package: ucs 2004/10/17 UCS: Unicode input support

(/usr/share/texmf-texlive/tex/latex/ucs/data/uni-global.def
File: uni-global.def 2004/10/17 UCS: Unicode global data
)
\uc@secondtry=\count100
\uc@combtoks=\toks20
\uc@combtoksb=\toks21
\uc@temptokena=\toks22
)
(/usr/share/texmf-texlive/tex/latex/base/inputenc.sty
Package: inputenc 2008/03/30 v1.1d Input encoding file
\inpenc@prehook=\toks23
\inpenc@posthook=\toks24

(/usr/share/texmf-texlive/tex/latex/ucs/utf8x.def
File: utf8x.def 2004/10/17 UCS: Input encoding UTF-8
))
(/usr/share/texmf-texlive/tex/latex/tools/enumerate.sty
Package: enumerate 1999/03/05 v3.00 enumerate extensions (DPC)
\@enLab=\toks25
)
(/usr/share/texmf-texlive/tex/latex/geometry/geometry.sty
Package: geometry 2008/12/21 v4.2 Page Geometry

(/usr/share/texmf-texlive/tex/generic/oberdiek/ifpdf.sty
Package: ifpdf 2009/04/10 v2.0 Provides the ifpdf switch (HO)
Package ifpdf Info: pdfTeX in pdf mode detected.
)
(/usr/share/texmf-texlive/tex/generic/oberdiek/ifvtex.sty
Package: ifvtex 2008/11/04 v1.4 Switches for detecting VTeX and its modes (HO)
Package ifvtex Info: VTeX not detected.
)
\Gm@cnth=\count101
\Gm@cntv=\count102
\c@Gm@tempcnt=\count103
\Gm@bindingoffset=\dimen114
\Gm@wd@mp=\dimen115
\Gm@odd@mp=\dimen116
\Gm@even@mp=\dimen117
\Gm@dimlist=\toks26
)
(/usr/share/texmf-texlive/tex/latex/graphics/color.sty
Package: color 2005/11/14 v1.0j Standard LaTeX Color (DPC)

(/etc/texmf/tex/latex/config/color.cfg
File: color.cfg 2007/01/18 v1.5 color configuration of teTeX/TeXLive
)
Package color Info: Driver file: pdftex.def on input line 130.
)
(/usr/share/texmf-texlive/tex/latex/ltxmisc/framed.sty
Package: framed 2007/10/04 v 0.95: framed or shaded text with page breaks
\fb@frw=\dimen118
\fb@frh=\dimen119
\FrameRule=\dimen120
\FrameSep=\dimen121
)
(/usr/share/texmf-texlive/tex/latex/oberdiek/listingsutf8.sty
Package: listingsutf8 2007/11/11 v1.1 Adding support for UTF-8 to listings (HO)


(/usr/share/texmf-texlive/tex/latex/listings/listings.sty
\lst@mode=\count104
\lst@gtempboxa=\box28
\lst@token=\toks27
\lst@length=\count105
\lst@currlwidth=\dimen122
\lst@column=\count106
\lst@pos=\count107
\lst@lostspace=\dimen123
\lst@width=\dimen124
\lst@newlines=\count108
\lst@lineno=\count109
\lst@maxwidth=\dimen125

(/usr/share/texmf-texlive/tex/latex/listings/lstmisc.sty
File: lstmisc.sty 2007/02/22 1.4 (Carsten Heinz)
\c@lstnumber=\count110
\lst@skipnumbers=\count111
\lst@framebox=\box29
)
(/usr/share/texmf-texlive/tex/latex/listings/listings.cfg
File: listings.cfg 2007/02/22 1.4 listings configuration
))
Package: listings 2007/02/22 1.4 (Carsten Heinz)

(/usr/share/texmf-texlive/tex/generic/oberdiek/pdftexcmds.sty
Package: pdftexcmds 2009/09/23 v0.6 LuaTeX support for pdfTeX utility functions
 (HO)

(/usr/share/texmf-texlive/tex/generic/oberdiek/infwarerr.sty
Package: infwarerr 2007/09/09 v1.2 Providing info/warning/message (HO)
)
(/usr/share/texmf-texlive/tex/generic/oberdiek/ifluatex.sty
Package: ifluatex 2009/04/17 v1.2 Provides the ifluatex switch (HO)
Package ifluatex Info: LuaTeX not detected.
)
(/usr/share/texmf-texlive/tex/generic/oberdiek/ltxcmds.sty
Package: ltxcmds 2009/08/05 v1.0 Some LaTeX kernel commands for general use (HO
)
)
Package pdftexcmds Info: LuaTeX not detected.
Package pdftexcmds Info: \pdf@primitive is available.
Package pdftexcmds Info: \pdf@ifprimitive is available.
)
(/usr/share/texmf-texlive/tex/generic/oberdiek/stringenc.sty
Package: stringenc 2008/10/27 v1.6 Converts strings between encodings (HO)

(/usr/share/texmf-texlive/tex/generic/oberdiek/pdfescape.sty
Package: pdfescape 2007/11/11 v1.8 Provides hex, PDF name and string conversion
s (HO)
)))
(/usr/share/texmf-texlive/tex/latex/listings/lstlang1.sty
File: lstlang1.sty 2004/09/05 1.3 listings language file
)
(/usr/share/texmf-texlive/tex/latex/hyperref/hyperref.sty
Package: hyperref 2009/10/09 v6.79a Hypertext links for LaTeX

(/usr/share/texmf-texlive/tex/generic/ifxetex/ifxetex.sty
Package: ifxetex 2009/01/23 v0.5 Provides ifxetex conditional
)
(/usr/share/texmf-texlive/tex/latex/oberdiek/hycolor.sty
Package: hycolor 2009/10/02 v1.5 Code for color options of hyperref/bookmark (H
O)

(/usr/share/texmf-texlive/tex/latex/oberdiek/xcolor-patch.sty
Package: xcolor-patch 2009/10/02 xcolor patch
))
\@linkdim=\dimen126
\Hy@linkcounter=\count112
\Hy@pagecounter=\count113

(/usr/share/texmf-texlive/tex/latex/hyperref/pd1enc.def
File: pd1enc.def 2009/10/09 v6.79a Hyperref: PDFDocEncoding definition (HO)
)
(/usr/share/texmf-texlive/tex/generic/oberdiek/etexcmds.sty
Package: etexcmds 2007/12/12 v1.2 Prefix for e-TeX command names (HO)
Package etexcmds Info: Could not find \expanded.
(etexcmds)             That can mean that you are not using pdfTeX 1.50 or
(etexcmds)             that some package has redefined \expanded.
(etexcmds)             In the latter case, load this package earlier.
)
(/usr/share/texmf-texlive/tex/latex/latexconfig/hyperref.cfg
File: hyperref.cfg 2002/06/06 v1.2 hyperref configuration of TeXLive
)
(/usr/share/texmf-texlive/tex/latex/oberdiek/kvoptions.sty
Package: kvoptions 2009/08/13 v3.4 Keyval support for LaTeX options (HO)

(/usr/share/texmf-texlive/tex/generic/oberdiek/kvsetkeys.sty
Package: kvsetkeys 2009/07/30 v1.5 Key value parser with default handler suppor
t (HO)
))
Package hyperref Info: Hyper figures OFF on input line 2975.
Package hyperref Info: Link nesting OFF on input line 2980.
Package hyperref Info: Hyper index ON on input line 2983.
Package hyperref Info: Plain pages OFF on input line 2990.
Package hyperref Info: Backreferencing OFF on input line 2995.

Implicit mode ON; LaTeX internals redefined
Package hyperref Info: Bookmarks ON on input line 3191.
(/usr/share/texmf-texlive/tex/latex/ltxmisc/url.sty
\Urlmuskip=\muskip11
Package: url 2006/04/12  ver 3.3  Verb mode for urls, etc.
)
LaTeX Info: Redefining \url on input line 3428.

(/usr/share/texmf-texlive/tex/generic/oberdiek/bitset.sty
Package: bitset 2007/09/28 v1.0 Data type bit set (HO)

(/usr/share/texmf-texlive/tex/generic/oberdiek/intcalc.sty
Package: intcalc 2007/09/27 v1.1 Expandable integer calculations (HO)
)
(/usr/share/texmf-texlive/tex/generic/oberdiek/bigintcalc.sty
Package: bigintcalc 2007/11/11 v1.1 Expandable big integer calculations (HO)
))
\Fld@menulength=\count114
\Field@Width=\dimen127
\Fld@charsize=\dimen128
\Field@toks=\toks28
Package hyperref Info: Hyper figures OFF on input line 4377.
Package hyperref Info: Link nesting OFF on input line 4382.
Package hyperref Info: Hyper index ON on input line 4385.
Package hyperref Info: backreferencing OFF on input line 4392.
Package hyperref Info: Link coloring OFF on input line 4397.
Package hyperref Info: Link coloring with OCG OFF on input line 4402.
Package hyperref Info: PDF/A mode OFF on input line 4407.

(/usr/share/texmf-texlive/tex/generic/oberdiek/atbegshi.sty
Package: atbegshi 2008/07/31 v1.9 At begin shipout hook (HO)
)
\Hy@abspage=\count115
\c@Item=\count116
\c@Hfootnote=\count117
)
*hyperref using default driver hpdftex*
(/usr/share/texmf-texlive/tex/latex/hyperref/hpdftex.def
File: hpdftex.def 2009/10/09 v6.79a Hyperref driver for pdfTeX
\Fld@listcount=\count118
)
Package hyperref Info: Option `breaklinks' set `true' on input line 111.
Package hyperref Info: Option `colorlinks' set `true' on input line 111.

(./forced_outages-svg.aux)
\openout1 = `forced_outages-svg.aux'.

LaTeX Font Info:    Checking defaults for OML/cmm/m/it on input line 121.
LaTeX Font Info:    ... okay on input line 121.
LaTeX Font Info:    Checking defaults for T1/cmr/m/n on input line 121.
LaTeX Font Info:    ... okay on input line 121.
LaTeX Font Info:    Checking defaults for OT1/cmr/m/n on input line 121.
LaTeX Font Info:    ... okay on input line 121.
LaTeX Font Info:    Checking defaults for OMS/cmsy/m/n on input line 121.
LaTeX Font Info:    ... okay on input line 121.
LaTeX Font Info:    Checking defaults for OMX/cmex/m/n on input line 121.
LaTeX Font Info:    ... okay on input line 121.
LaTeX Font Info:    Checking defaults for U/cmr/m/n on input line 121.
LaTeX Font Info:    ... okay on input line 121.
LaTeX Font Info:    Checking defaults for PD1/pdf/m/n on input line 121.
LaTeX Font Info:    ... okay on input line 121.

(/usr/share/texmf-texlive/tex/context/base/supp-pdf.mkii
[Loading MPS to PDF converter (version 2006.09.02).]
\scratchcounter=\count119
\scratchdimen=\dimen129
\scratchbox=\box30
\nofMPsegments=\count120
\nofMParguments=\count121
\everyMPshowfont=\toks29
\MPscratchCnt=\count122
\MPscratchDim=\dimen130
\MPnumerator=\count123
\everyMPtoPDFconversion=\toks30
) (/usr/share/texmf-texlive/tex/latex/ucs/ucsencs.def
File: ucsencs.def 2003/11/29 Fixes to fontencodings LGR, T3
)
*geometry auto-detecting driver*
*geometry detected driver: pdftex*
-------------------- Geometry parameters
paper: class default
landscape: --
twocolumn: --
twoside: --
asymmetric: --
h-parts: 71.13188pt, 472.03123pt, 71.13188pt
v-parts: 85.35826pt, 624.25346pt, 85.35826pt
hmarginratio: --
vmarginratio: --
lines: --
heightrounded: --
bindingoffset: 0.0pt
truedimen: --
includehead: --
includefoot: --
includemp: --
driver: pdftex
-------------------- Page layout dimensions and switches
\paperwidth  614.295pt
\paperheight 794.96999pt
\textwidth  472.03123pt
\textheight 624.25346pt
\oddsidemargin  -1.1381pt
\evensidemargin -1.1381pt
\topmargin  -23.91173pt
\headheight 12.0pt
\headsep    25.0pt
\footskip   30.0pt
\marginparwidth 59.0pt
\marginparsep   10.0pt
\columnsep  10.0pt
\skip\footins  10.0pt plus 4.0pt minus 2.0pt
\hoffset 0.0pt
\voffset 0.0pt
\mag 1000

(1in=72.27pt, 1cm=28.45pt)
-----------------------
\c@lstlisting=\count124
Package hyperref Info: Link coloring ON on input line 121.
(/usr/share/texmf-texlive/tex/latex/hyperref/nameref.sty
Package: nameref 2007/05/29 v2.31 Cross-referencing by name of section

(/usr/share/texmf-texlive/tex/latex/oberdiek/refcount.sty
Package: refcount 2008/08/11 v3.1 Data extraction from references (HO)
)
\c@section@level=\count125
)
LaTeX Info: Redefining \ref on input line 121.
LaTeX Info: Redefining \pageref on input line 121.

(./forced_outages-svg.out) (./forced_outages-svg.out)
\@outlinefile=\write3
\openout3 = `forced_outages-svg.out'.

\AtBeginShipoutBox=\box31

(/usr/share/texmf-texlive/tex/latex/ucs/utf8x.def
File: utf8x.def 2004/10/17 UCS: Input encoding UTF-8
)
LaTeX Font Info:    Font shape `OT1/cmtt/bx/n' in size <10> not available
(Font)              Font shape `OT1/cmtt/m/n' tried instead on input line 192.

(/usr/share/texmf-texlive/tex/latex/ucs/utf8x.def
File: utf8x.def 2004/10/17 UCS: Input encoding UTF-8
) [1

{/var/lib/texmf/fonts/map/pdftex/updmap/pdftex.map}] (/usr/share/texmf-texlive/
tex/latex/ucs/utf8x.def
File: utf8x.def 2004/10/17 UCS: Input encoding UTF-8
)
(/usr/share/texmf-texlive/tex/latex/ucs/utf8x.def
File: utf8x.def 2004/10/17 UCS: Input encoding UTF-8
)
(/usr/share/texmf-texlive/tex/latex/ucs/utf8x.def
File: utf8x.def 2004/10/17 UCS: Input encoding UTF-8
)
Underfull \vbox (badness 7133) detected at line 331
 []

[2]
Underfull \vbox (badness 10000) detected at line 331
 []


Underfull \vbox (badness 10000) detected at line 331
 []

[3] (/usr/share/texmf-texlive/tex/latex/ucs/utf8x.def
File: utf8x.def 2004/10/17 UCS: Input encoding UTF-8
)
(/usr/share/texmf-texlive/tex/latex/ucs/utf8x.def
File: utf8x.def 2004/10/17 UCS: Input encoding UTF-8
)
(/usr/share/texmf-texlive/tex/latex/ucs/utf8x.def
File: utf8x.def 2004/10/17 UCS: Input encoding UTF-8
)
(/usr/share/texmf-texlive/tex/latex/ucs/utf8x.def
File: utf8x.def 2004/10/17 UCS: Input encoding UTF-8
)
(/usr/share/texmf-texlive/tex/latex/ucs/utf8x.def
File: utf8x.def 2004/10/17 UCS: Input encoding UTF-8
)
(/usr/share/texmf-texlive/tex/latex/ucs/utf8x.def
File: utf8x.def 2004/10/17 UCS: Input encoding UTF-8
)
(/usr/share/texmf-texlive/tex/latex/ucs/utf8x.def
File: utf8x.def 2004/10/17 UCS: Input encoding UTF-8
)
(/usr/share/texmf-texlive/tex/latex/ucs/utf8x.def
File: utf8x.def 2004/10/17 UCS: Input encoding UTF-8
)
Overfull \hbox (252.46245pt too wide) in paragraph at lines 443--443
[]\OT1/cmtt/m/n/10 /usr/local/lib/python2.7/dist-packages/pandas-0.9.1.dev_023b
1d4-py2.7-linux-x86_64.egg/pandas/core/series.pyc in map(self, arg, na_action)[
] 
 []


Overfull \hbox (346.96162pt too wide) in paragraph at lines 443--443
[]\OT1/cmtt/m/n/10 /usr/local/lib/python2.7/dist-packages/pandas-0.9.1.dev_023b
1d4-py2.7-linux-x86_64.egg/pandas/lib.so in pandas.lib.map_infer (pandas/src/ts
eries.c:114879)()[] 
 []


Underfull \vbox (badness 4595) detected at line 445
 []

[4] (/usr/share/texmf-texlive/tex/latex/ucs/utf8x.def
File: utf8x.def 2004/10/17 UCS: Input encoding UTF-8
)
(/usr/share/texmf-texlive/tex/latex/ucs/utf8x.def
File: utf8x.def 2004/10/17 UCS: Input encoding UTF-8
)
(/usr/share/texmf-texlive/tex/latex/ucs/utf8x.def
File: utf8x.def 2004/10/17 UCS: Input encoding UTF-8
)
(/usr/share/texmf-texlive/tex/latex/ucs/utf8x.def
File: utf8x.def 2004/10/17 UCS: Input encoding UTF-8
)
(/usr/share/texmf-texlive/tex/latex/ucs/utf8x.def
File: utf8x.def 2004/10/17 UCS: Input encoding UTF-8
) [5]
(/usr/share/texmf-texlive/tex/latex/ucs/utf8x.def
File: utf8x.def 2004/10/17 UCS: Input encoding UTF-8
)
(/usr/share/texmf-texlive/tex/latex/ucs/utf8x.def
File: utf8x.def 2004/10/17 UCS: Input encoding UTF-8
)
(/usr/share/texmf-texlive/tex/latex/ucs/utf8x.def
File: utf8x.def 2004/10/17 UCS: Input encoding UTF-8
)
(/usr/share/texmf-texlive/tex/latex/ucs/utf8x.def
File: utf8x.def 2004/10/17 UCS: Input encoding UTF-8
)
(/usr/share/texmf-texlive/tex/latex/ucs/utf8x.def
File: utf8x.def 2004/10/17 UCS: Input encoding UTF-8
)
(/usr/share/texmf-texlive/tex/latex/ucs/utf8x.def
File: utf8x.def 2004/10/17 UCS: Input encoding UTF-8
)
(/usr/share/texmf-texlive/tex/latex/ucs/utf8x.def
File: utf8x.def 2004/10/17 UCS: Input encoding UTF-8
)
(/usr/share/texmf-texlive/tex/latex/ucs/utf8x.def
File: utf8x.def 2004/10/17 UCS: Input encoding UTF-8
)
(/usr/share/texmf-texlive/tex/latex/ucs/utf8x.def
File: utf8x.def 2004/10/17 UCS: Input encoding UTF-8
) [6]
(/usr/share/texmf-texlive/tex/latex/ucs/utf8x.def
File: utf8x.def 2004/10/17 UCS: Input encoding UTF-8
)
(/usr/share/texmf-texlive/tex/latex/ucs/utf8x.def
File: utf8x.def 2004/10/17 UCS: Input encoding UTF-8
)
(/usr/share/texmf-texlive/tex/latex/ucs/utf8x.def
File: utf8x.def 2004/10/17 UCS: Input encoding UTF-8
)
(/usr/share/texmf-texlive/tex/latex/ucs/utf8x.def
File: utf8x.def 2004/10/17 UCS: Input encoding UTF-8
)
(/usr/share/texmf-texlive/tex/latex/ucs/utf8x.def
File: utf8x.def 2004/10/17 UCS: Input encoding UTF-8
)
Underfull \vbox (badness 10000) detected at line 701
 []

[7] (/usr/share/texmf-texlive/tex/latex/ucs/utf8x.def
File: utf8x.def 2004/10/17 UCS: Input encoding UTF-8
)
(/usr/share/texmf-texlive/tex/latex/ucs/utf8x.def
File: utf8x.def 2004/10/17 UCS: Input encoding UTF-8
)
Underfull \vbox (badness 10000) detected at line 821
 []

[8]
Underfull \vbox (badness 10000) detected at line 821
 []


Overfull \vbox (1.07988pt too high) detected at line 821
 []

[9] (/usr/share/texmf-texlive/tex/latex/ucs/utf8x.def
File: utf8x.def 2004/10/17 UCS: Input encoding UTF-8
)
(/usr/share/texmf-texlive/tex/latex/ucs/utf8x.def
File: utf8x.def 2004/10/17 UCS: Input encoding UTF-8
)
(/usr/share/texmf-texlive/tex/latex/ucs/utf8x.def
File: utf8x.def 2004/10/17 UCS: Input encoding UTF-8
)
(/usr/share/texmf-texlive/tex/latex/ucs/utf8x.def
File: utf8x.def 2004/10/17 UCS: Input encoding UTF-8
)
(/usr/share/texmf-texlive/tex/latex/ucs/utf8x.def
File: utf8x.def 2004/10/17 UCS: Input encoding UTF-8
) [10]
(/usr/share/texmf-texlive/tex/latex/ucs/utf8x.def
File: utf8x.def 2004/10/17 UCS: Input encoding UTF-8
)
(/usr/share/texmf-texlive/tex/latex/ucs/utf8x.def
File: utf8x.def 2004/10/17 UCS: Input encoding UTF-8
)
(/usr/share/texmf-texlive/tex/latex/ucs/utf8x.def
File: utf8x.def 2004/10/17 UCS: Input encoding UTF-8
)

pdfTeX warning: pdflatex (file ./forced_outages-svg_files/forced_outages-svg_fi
g_00.pdf): PDF inclusion: found PDF version <1.5>, but at most version <1.4> al
lowed

<forced_outages-svg_files/forced_outages-svg_fig_00.pdf, id=154, 377.41pt x 280
.04625pt>
File: forced_outages-svg_files/forced_outages-svg_fig_00.pdf Graphic file (type
 pdf)
 <use forced_outages-svg_files/forced_outages-svg_fig_00.pdf>
Underfull \vbox (badness 10000) detected at line 959
 []

[11] (/usr/share/texmf-texlive/tex/latex/ucs/utf8x.def
File: utf8x.def 2004/10/17 UCS: Input encoding UTF-8
)
(/usr/share/texmf-texlive/tex/latex/ucs/utf8x.def
File: utf8x.def 2004/10/17 UCS: Input encoding UTF-8
)

pdfTeX warning: pdflatex (file ./forced_outages-svg_files/forced_outages-svg_fi
g_01.pdf): PDF inclusion: found PDF version <1.5>, but at most version <1.4> al
lowed

<forced_outages-svg_files/forced_outages-svg_fig_01.pdf, id=185, 365.365pt x 28
0.04625pt>
File: forced_outages-svg_files/forced_outages-svg_fig_01.pdf Graphic file (type
 pdf)
 <use forced_outages-svg_files/forced_outages-svg_fig_01.pdf>
[12 <./forced_outages-svg_files/forced_outages-svg_fig_00.pdf>]
(/usr/share/texmf-texlive/tex/latex/ucs/utf8x.def
File: utf8x.def 2004/10/17 UCS: Input encoding UTF-8
) [13 <./forced_outages-svg_files/forced_outages-svg_fig_01.pdf>]
(/usr/share/texmf-texlive/tex/latex/ucs/utf8x.def
File: utf8x.def 2004/10/17 UCS: Input encoding UTF-8
)
(/usr/share/texmf-texlive/tex/latex/ucs/utf8x.def
File: utf8x.def 2004/10/17 UCS: Input encoding UTF-8
)
! Dimension too large.
\fb@put@frame ...p \ifdim \dimen@ >\ht \@tempboxa 
                                                  \fb@putboxa #1\fb@afterfra...
l.2750 \end{codeoutput}
                       
? 

Underfull \vbox (badness 10000) detected at line 2750
 []

[14]
! Dimension too large.
\fb@put@frame ...p \ifdim \dimen@ >\ht \@tempboxa 
                                                  \fb@putboxa #1\fb@afterfra...
l.2750 \end{codeoutput}
                       
? 

Underfull \vbox (badness 10000) detected at line 2750
 []


Underfull \vbox (badness 10000) detected at line 2750
 []

[15]
! Dimension too large.
\fb@put@frame ...p \ifdim \dimen@ >\ht \@tempboxa 
                                                  \fb@putboxa #1\fb@afterfra...
l.2750 \end{codeoutput}
                       
? 

Underfull \vbox (badness 10000) detected at line 2750
 []


Underfull \vbox (badness 10000) detected at line 2750
 []

[16]
! Dimension too large.
\fb@put@frame ...p \ifdim \dimen@ >\ht \@tempboxa 
                                                  \fb@putboxa #1\fb@afterfra...
l.2750 \end{codeoutput}
                       
? 

Underfull \vbox (badness 10000) detected at line 2750
 []


Underfull \vbox (badness 10000) detected at line 2750
 []

[17]
! Dimension too large.
\fb@put@frame ...p \ifdim \dimen@ >\ht \@tempboxa 
                                                  \fb@putboxa #1\fb@afterfra...
l.2750 \end{codeoutput}
                       
? 

Underfull \vbox (badness 10000) detected at line 2750
 []


Underfull \vbox (badness 10000) detected at line 2750
 []

[18]
! Dimension too large.
\fb@put@frame ...p \ifdim \dimen@ >\ht \@tempboxa 
                                                  \fb@putboxa #1\fb@afterfra...
l.2750 \end{codeoutput}
                       
? 

Underfull \vbox (badness 10000) detected at line 2750
 []


Underfull \vbox (badness 10000) detected at line 2750
 []

[19]
! Dimension too large.
\fb@put@frame ...p \ifdim \dimen@ >\ht \@tempboxa 
                                                  \fb@putboxa #1\fb@afterfra...
l.2750 \end{codeoutput}
                       
? 

Underfull \vbox (badness 10000) detected at line 2750
 []


Underfull \vbox (badness 10000) detected at line 2750
 []

[20]
Underfull \vbox (badness 10000) detected at line 2750
 []


Underfull \vbox (badness 10000) detected at line 2750
 []

[21]
Underfull \vbox (badness 10000) detected at line 2750
 []


Underfull \vbox (badness 10000) detected at line 2750
 []

[22]
Underfull \vbox (badness 10000) detected at line 2750
 []


Underfull \vbox (badness 10000) detected at line 2750
 []

[23]
Underfull \vbox (badness 10000) detected at line 2750
 []


Underfull \vbox (badness 10000) detected at line 2750
 []

[24]
Underfull \vbox (badness 10000) detected at line 2750
 []


Underfull \vbox (badness 10000) detected at line 2750
 []

[25]
Underfull \vbox (badness 10000) detected at line 2750
 []


Underfull \vbox (badness 10000) detected at line 2750
 []

[26]
Underfull \vbox (badness 10000) detected at line 2750
 []


Underfull \vbox (badness 10000) detected at line 2750
 []

[27]
Underfull \vbox (badness 10000) detected at line 2750
 []


Underfull \vbox (badness 10000) detected at line 2750
 []

[28]
Underfull \vbox (badness 10000) detected at line 2750
 []


Underfull \vbox (badness 10000) detected at line 2750
 []

[29]
Underfull \vbox (badness 10000) detected at line 2750
 []


Underfull \vbox (badness 10000) detected at line 2750
 []

[30]
Underfull \vbox (badness 10000) detected at line 2750
 []


Underfull \vbox (badness 10000) detected at line 2750
 []

[31]
Underfull \vbox (badness 10000) detected at line 2750
 []


Underfull \vbox (badness 10000) detected at line 2750
 []

[32]
Underfull \vbox (badness 10000) detected at line 2750
 []


Underfull \vbox (badness 10000) detected at line 2750
 []

[33]
Underfull \vbox (badness 10000) detected at line 2750
 []


Underfull \vbox (badness 10000) detected at line 2750
 []

[34]
Underfull \vbox (badness 10000) detected at line 2750
 []


Underfull \vbox (badness 10000) detected at line 2750
 []

[35]
Underfull \vbox (badness 10000) detected at line 2750
 []


Underfull \vbox (badness 10000) detected at line 2750
 []

[36]
Underfull \vbox (badness 10000) detected at line 2750
 []


Underfull \vbox (badness 10000) detected at line 2750
 []

[37]
Underfull \vbox (badness 10000) detected at line 2750
 []


Underfull \vbox (badness 10000) detected at line 2750
 []

[38]
Underfull \vbox (badness 10000) detected at line 2750
 []


Underfull \vbox (badness 10000) detected at line 2750
 []

[39]
Underfull \vbox (badness 10000) detected at line 2750
 []


Underfull \vbox (badness 10000) detected at line 2750
 []

[40]
Underfull \vbox (badness 10000) detected at line 2750
 []


Overfull \vbox (1.07988pt too high) detected at line 2750
 []

[41]
Underfull \vbox (badness 10000) detected at line 2750
 []


Underfull \vbox (badness 10000) detected at line 2750
 []

[42]
Underfull \vbox (badness 10000) detected at line 2750
 []


Underfull \vbox (badness 10000) detected at line 2750
 []

[43]
Underfull \vbox (badness 10000) detected at line 2750
 []


Underfull \vbox (badness 10000) detected at line 2750
 []

[44]
Underfull \vbox (badness 10000) detected at line 2750
 []


Underfull \vbox (badness 10000) detected at line 2750
 []

[45] (/usr/share/texmf-texlive/tex/latex/ucs/utf8x.def
File: utf8x.def 2004/10/17 UCS: Input encoding UTF-8
)
(/usr/share/texmf-texlive/tex/latex/ucs/utf8x.def
File: utf8x.def 2004/10/17 UCS: Input encoding UTF-8
)
Overfull \vbox (3.00768pt too high) detected at line 2785
 []

[46]

pdfTeX warning: pdflatex (file ./forced_outages-svg_files/forced_outages-svg_fi
g_02.pdf): PDF inclusion: found PDF version <1.5>, but at most version <1.4> al
lowed

<forced_outages-svg_files/forced_outages-svg_fig_02.pdf, id=581, 5659.1425pt x 
589.20125pt>
File: forced_outages-svg_files/forced_outages-svg_fig_02.pdf Graphic file (type
 pdf)
 <use forced_outages-svg_files/forced_outages-svg_fig_02.pdf>
(/usr/share/texmf-texlive/tex/latex/ucs/utf8x.def
File: utf8x.def 2004/10/17 UCS: Input encoding UTF-8
)
(/usr/share/texmf-texlive/tex/latex/ucs/utf8x.def
File: utf8x.def 2004/10/17 UCS: Input encoding UTF-8
)
(/usr/share/texmf-texlive/tex/latex/ucs/utf8x.def
File: utf8x.def 2004/10/17 UCS: Input encoding UTF-8
)
(/usr/share/texmf-texlive/tex/latex/ucs/utf8x.def
File: utf8x.def 2004/10/17 UCS: Input encoding UTF-8
) [47 <./forced_outages-svg_files/forced_outages-svg_fig_02.pdf>]
(/usr/share/texmf-texlive/tex/latex/ucs/utf8x.def
File: utf8x.def 2004/10/17 UCS: Input encoding UTF-8
)
Underfull \vbox (badness 1953) detected at line 3086
 []

[48]
Underfull \vbox (badness 2452) detected at line 3086
 []


Underfull \vbox (badness 1728) detected at line 3086
 []

[49] [50]
Underfull \vbox (badness 2452) detected at line 3086
 []


Underfull \vbox (badness 2452) detected at line 3086
 []

[51] (/usr/share/texmf-texlive/tex/latex/ucs/utf8x.def
File: utf8x.def 2004/10/17 UCS: Input encoding UTF-8
)
(/usr/share/texmf-texlive/tex/latex/ucs/utf8x.def
File: utf8x.def 2004/10/17 UCS: Input encoding UTF-8
)
Underfull \vbox (badness 10000) detected at line 3164
 []

[52] (/usr/share/texmf-texlive/tex/latex/ucs/utf8x.def
File: utf8x.def 2004/10/17 UCS: Input encoding UTF-8
)
(/usr/share/texmf-texlive/tex/latex/ucs/utf8x.def
File: utf8x.def 2004/10/17 UCS: Input encoding UTF-8
)
(/usr/share/texmf-texlive/tex/latex/ucs/utf8x.def
File: utf8x.def 2004/10/17 UCS: Input encoding UTF-8
)
Overfull \hbox (609.45934pt too wide) in paragraph at lines 3221--3221
[]\OT1/cmtt/m/n/10 /usr/local/lib/python2.7/dist-packages/statsmodels-0.5.0-py2
.7-linux-x86_64.egg/statsmodels/tools/tools.py:306: FutureWarning: The default 
of `prepend` will be changed to True in 0.5.0, use explicit prepend[] 
 []

(/usr/share/texmf-texlive/tex/latex/ucs/utf8x.def
File: utf8x.def 2004/10/17 UCS: Input encoding UTF-8
)
(/usr/share/texmf-texlive/tex/latex/ucs/utf8x.def
File: utf8x.def 2004/10/17 UCS: Input encoding UTF-8
) [53]
(/usr/share/texmf-texlive/tex/latex/ucs/utf8x.def
File: utf8x.def 2004/10/17 UCS: Input encoding UTF-8
)
Overfull \hbox (231.46263pt too wide) in paragraph at lines 3270--3270
[]\OT1/cmtt/m/n/10 /usr/lib/python2.7/dist-packages/scipy/stats/stats.py:1198: 
UserWarning: kurtosistest only valid for n>=20 ... continuing anyway, n=12[] 
 []

(/usr/share/texmf-texlive/tex/latex/ucs/utf8x.def
File: utf8x.def 2004/10/17 UCS: Input encoding UTF-8
) [54]
(/usr/share/texmf-texlive/tex/latex/ucs/utf8x.def
File: utf8x.def 2004/10/17 UCS: Input encoding UTF-8
)
(/usr/share/texmf-texlive/tex/latex/ucs/utf8x.def
File: utf8x.def 2004/10/17 UCS: Input encoding UTF-8
)
(/usr/share/texmf-texlive/tex/latex/ucs/utf8x.def
File: utf8x.def 2004/10/17 UCS: Input encoding UTF-8
)
(/usr/share/texmf-texlive/tex/latex/ucs/utf8x.def
File: utf8x.def 2004/10/17 UCS: Input encoding UTF-8
)
(/usr/share/texmf-texlive/tex/latex/ucs/utf8x.def
File: utf8x.def 2004/10/17 UCS: Input encoding UTF-8
)
(/usr/share/texmf-texlive/tex/latex/ucs/utf8x.def
File: utf8x.def 2004/10/17 UCS: Input encoding UTF-8
)
(/usr/share/texmf-texlive/tex/latex/ucs/utf8x.def
File: utf8x.def 2004/10/17 UCS: Input encoding UTF-8
)
(/usr/share/texmf-texlive/tex/latex/ucs/utf8x.def
File: utf8x.def 2004/10/17 UCS: Input encoding UTF-8
)
Overfull \hbox (42.46428pt too wide) in paragraph at lines 3444--3444
[]\OT1/cmtt/m/n/10 /usr/lib/python2.7/dist-packages/numpy/core/fromnumeric.pyc 
in _wrapit(obj, method, *args, **kwds)[] 
 []


Underfull \vbox (badness 10000) detected at line 3446
 []

[55] [56] (./forced_outages-svg.aux) ) 
Here is how much of TeX's memory you used:
 7907 strings out of 495061
 117742 string characters out of 12432621
 411788 words of memory out of 30000000
 10497 multiletter control sequences out of 15000+500000
 5486 words of font info for 21 fonts, out of 3000000 for 9000
 28 hyphenation exceptions out of 8191
 51i,5n,76p,346b,1009s stack positions out of 5000i,500n,10000p,200000b,50000s
</usr/share/texmf-texlive/fonts/type1/pub
lic/amsfonts/cm/cmbx12.pfb></usr/share/texmf-texlive/fonts/type1/public/amsfont
s/cm/cmr10.pfb></usr/share/texmf-texlive/fonts/type1/public/amsfonts/cm/cmtt10.
pfb>
Output written on forced_outages-svg.pdf (56 pages, 18887106 bytes).
PDF statistics:
 58707 PDF objects out of 66169 (max. 8388607)
 343 named destinations out of 1000 (max. 500000)
 32 words of extra memory for PDF output out of 10000 (max. 10000000)

